Arkane execution initiated at Tue Apr 30 20:32:25 2019

################################################################
#                                                              #
# Automated Reaction Kinetics and Network Exploration (Arkane) #
#                                                              #
#   Version: 2.3.0                                             #
#   Authors: RMG Developers (rmg_dev@mit.edu)                  #
#   P.I.s:   William H. Green (whgreen@mit.edu)                #
#            Richard H. West (r.west@neu.edu)                  #
#   Website: http://reactionmechanismgenerator.github.io/      #
#                                                              #
################################################################

Databases not found. Making databases
Loading frequencies group database from /Users/mattjohnson/RMGCODE/RMG-database/input/statmech/groups...
Loading transport library from GRI-Mech.py in /Users/mattjohnson/RMGCODE/RMG-database/input/transport/libraries...
Loading transport library from NOx2018.py in /Users/mattjohnson/RMGCODE/RMG-database/input/transport/libraries...
Loading transport library from PrimaryTransportLibrary.py in /Users/mattjohnson/RMGCODE/RMG-database/input/transport/libraries...
Loading transport group database from /Users/mattjohnson/RMGCODE/RMG-database/input/transport/groups...
Loading species Toluene...
Assigned a frequency scale factor of 0.99 for model chemistry CBS-QB3


Loading statistical mechanics parameters for Toluene...
Saving statistical mechanics parameters for Toluene...
Saving thermo for Toluene...

Arkane execution terminated at Tue Apr 30 20:32:27 2019
Memory used: 186.08 MB
Arkane execution initiated at Tue Apr 30 20:33:57 2019

################################################################
#                                                              #
# Automated Reaction Kinetics and Network Exploration (Arkane) #
#                                                              #
#   Version: 2.3.0                                             #
#   Authors: RMG Developers (rmg_dev@mit.edu)                  #
#   P.I.s:   William H. Green (whgreen@mit.edu)                #
#            Richard H. West (r.west@neu.edu)                  #
#   Website: http://reactionmechanismgenerator.github.io/      #
#                                                              #
################################################################

Databases not found. Making databases
Loading frequencies group database from /Users/mattjohnson/RMGCODE/RMG-database/input/statmech/groups...
Loading transport library from GRI-Mech.py in /Users/mattjohnson/RMGCODE/RMG-database/input/transport/libraries...
Loading transport library from NOx2018.py in /Users/mattjohnson/RMGCODE/RMG-database/input/transport/libraries...
Loading transport library from PrimaryTransportLibrary.py in /Users/mattjohnson/RMGCODE/RMG-database/input/transport/libraries...
Loading transport group database from /Users/mattjohnson/RMGCODE/RMG-database/input/transport/groups...
Loading species Toluene...
Assigned a frequency scale factor of 0.99 for model chemistry CBS-QB3


Loading statistical mechanics parameters for Toluene...
Saving statistical mechanics parameters for Toluene...
Saving thermo for Toluene...

Arkane execution terminated at Tue Apr 30 20:33:59 2019
Memory used: 185.75 MB
Arkane execution initiated at Tue Apr 30 23:26:48 2019

################################################################
#                                                              #
# Automated Reaction Kinetics and Network Exploration (Arkane) #
#                                                              #
#   Version: 2.3.0                                             #
#   Authors: RMG Developers (rmg_dev@mit.edu)                  #
#   P.I.s:   William H. Green (whgreen@mit.edu)                #
#            Richard H. West (r.west@neu.edu)                  #
#   Website: http://reactionmechanismgenerator.github.io/      #
#                                                              #
################################################################

Databases not found. Making databases
Loading frequencies group database from /Users/mattjohnson/RMGCODE/RMG-database/input/statmech/groups...
Loading transport library from GRI-Mech.py in /Users/mattjohnson/RMGCODE/RMG-database/input/transport/libraries...
Loading transport library from NOx2018.py in /Users/mattjohnson/RMGCODE/RMG-database/input/transport/libraries...
Loading transport library from PrimaryTransportLibrary.py in /Users/mattjohnson/RMGCODE/RMG-database/input/transport/libraries...
Loading transport group database from /Users/mattjohnson/RMGCODE/RMG-database/input/transport/groups...
Loading species Toluene...
Assigned a frequency scale factor of 0.99 for model chemistry CBS-QB3


Loading statistical mechanics parameters for Toluene...
Saving statistical mechanics parameters for Toluene...
Error: 1.04702227351
Error: 1.04711784547
Error: 1.04707001099
Error: 1.04702227351
Error: 1.04711784547
Saving thermo for Toluene...
Error: 2.94882636386
Error: 2.94642912512
Error: 2.95122902545
Error: 2.94642912512
Error: 2.95122902545
Error: 1.84484505314
Error: 1.84385641275
Error: 1.84583593673
Error: 1.84385641275
Error: 1.84583593673
Error: 1.53014044527
Error: 1.52954319471
Error: 1.53073902159
Error: 1.52954319471
Error: 1.53073902159
Error: 1.38477636832
Error: 1.38435323104
Error: 1.38520042861
Error: 1.38435323104
Error: 1.38520042861
Error: 1.30158218954
Error: 1.30125590045
Error: 1.30190918127
Error: 1.30125590045
Error: 1.30190918127
Error: 1.24782992688
Error: 1.24756489725
Error: 1.24809552173
Error: 1.24756489725
Error: 1.24809552173
Error: 1.21028192354
Error: 1.2100589974
Error: 1.21050532156
Error: 1.2100589974
Error: 1.21050532156
Error: 1.18258663337
Error: 1.18239436969
Error: 1.18277930163
Error: 1.18239436969
Error: 1.18277930163
Error: 1.16132289286
Error: 1.16115393123
Error: 1.16149220833
Error: 1.16115393123
Error: 1.16149220833
Error: 1.14448689143
Error: 1.14433622532
Error: 1.1446378718
Error: 1.14433622532
Error: 1.1446378718
Error: 1.13082789174
Error: 1.13069196501
Error: 1.13096410105
Error: 1.13069196501
Error: 1.13096410105
Error: 1.11952518896
Error: 1.11940138671
Error: 1.11964924786
Error: 1.11940138671
Error: 1.11964924786
Error: 1.11001808246
Error: 1.10990442671
Error: 1.11013197324
Error: 1.10990442671
Error: 1.11013197324
Error: 1.10191054876
Error: 1.10180550769
Error: 1.10201580659
Error: 1.10180550769
Error: 1.10201580659
Error: 1.0949149621
Error: 1.09481732554
Error: 1.09501279977
Error: 1.09481732554
Error: 1.09501279977
Error: 1.08881740529
Error: 1.08872620073
Error: 1.08890879739
Error: 1.08872620073
Error: 1.08890879739
Error: 1.08345549341
Error: 1.08336992775
Error: 1.08354123477
Error: 1.08336992775
Error: 1.08354123477
Error: 1.0787037457
Error: 1.07862316372
Error: 1.07878449292
Error: 1.07862316372
Error: 1.07878449292
Error: 1.07446367029
Error: 1.0743875245
Error: 1.07453997204
Error: 1.0743875245
Error: 1.07453997204
Error: 1.07065688152
Error: 1.07058470982
Error: 1.07072920089
Error: 1.07058470982
Error: 1.07072920089
Error: 1.06722022041
Error: 1.0671516292
Error: 1.06728895182
Error: 1.0671516292
Error: 1.06728895182
Error: 1.06410222994
Error: 1.06403688127
Error: 1.06416771206
Error: 1.06403688127
Error: 1.06416771206
Error: 1.06126056579
Error: 1.06119816735
Error: 1.06132309156
Error: 1.06119816735
Error: 1.06132309156
Error: 1.05866006524
Error: 1.05860036247
Error: 1.05871988973
Error: 1.05860036247
Error: 1.05871988973
Error: 1.05627128702
Error: 1.05621405693
Error: 1.05632863371
Error: 1.05621405693
Error: 1.05632863371
Error: 1.05406939341
Error: 1.05401443956
Error: 1.05412445917
Error: 1.05401443956
Error: 1.05412445917
Error: 1.05203328456
Error: 1.05198043298
Error: 1.05208624371
Error: 1.05198043298
Error: 1.05208624371
Error: 1.05014492096
Error: 1.05009401687
Error: 1.05019592858
Error: 1.05009401687
Error: 1.05019592858
Error: 1.04838878814
Error: 1.04833969326
Error: 1.04843798282
Error: 1.04833969326
Error: 1.04843798282
Error: 1.04675146992
Error: 1.04670406016
Error: 1.04679897602
Error: 1.04670406016
Error: 1.04679897602
Error: 1.04522130535
Error: 1.04517546895
Error: 1.04526723483
Error: 1.04517546895
Error: 1.04526723483
Error: 1.04378811076
Error: 1.04374374673
Error: 1.04383256485
Error: 1.04374374673
Error: 1.04383256485
Error: 1.04244295311
Error: 1.04239996987
Error: 1.04248602357
Error: 1.04239996987
Error: 1.04248602357
Error: 1.04117796371
Error: 1.04113627795
Error: 1.04121973401
Error: 1.04113627795
Error: 1.04121973401
Error: 1.03998618432
Error: 1.03994572006
Error: 1.04002673062
Error: 1.03994572006
Error: 1.04002673062
Error: 1.0388614392
Error: 1.03882212694
Error: 1.03890083115
Error: 1.03882212694
Error: 1.03890083115
Error: 1.03779822815
Error: 1.03776000414
Error: 1.03783652962
Error: 1.03776000414
Error: 1.03783652962
Error: 1.03679163657
Error: 1.03675444221
Error: 1.03682890627
Error: 1.03675444221
Error: 1.03682890627
Error: 1.0358372596
Error: 1.03580104091
Error: 1.03587355163
Error: 1.03580104091
Error: 1.03587355163
Error: 1.03493113767
Error: 1.03489584479
Error: 1.034966502
Error: 1.03489584479
Error: 1.034966502
Error: 1.03406970167
Error: 1.03403528848
Error: 1.03410418452
Error: 1.03403528848
Error: 1.03410418452
Error: 1.03324972595
Error: 1.03321614967
Error: 1.03328337017
Error: 1.03321614967
Error: 1.03328337017
Error: 1.03246828799
Error: 1.0324355089
Error: 1.03250113339
Error: 1.0324355089
Error: 1.03250113339
Error: 1.0317227336
Error: 1.03169071475
Error: 1.03175481722
Error: 1.03169071475
Error: 1.03175481722
Error: 1.03101064686
Error: 1.03097935379
Error: 1.03104200321
Error: 1.03097935379
Error: 1.03104200321
Error: 1.03032982392
Error: 1.03029922447
Error: 1.03036048524
Error: 1.03029922447
Error: 1.03036048524
Error: 1.02967825026
Error: 1.02964831435
Error: 1.02970824668
Error: 1.02964831435
Error: 1.02970824668
Error: 1.02905408079
Error: 1.02902478027
Error: 1.02908344052
Error: 1.02902478027
Error: 1.02908344052
Error: 1.02845562239
Error: 1.02842693086
Error: 1.02848437189
Error: 1.02842693086
Error: 1.02848437189
Error: 1.0278813186
Error: 1.02785321127
Error: 1.02790948271
Error: 1.02785321127
Error: 1.02790948271
Error: 1.02732973609
Error: 1.02730218964
Error: 1.02735733817
Error: 1.02730218964
Error: 1.02735733817
Error: 1.02679955272
Error: 1.02677254522
Error: 1.02682661475
Error: 1.02677254522
Error: 1.02682661475
Error: 1.02628954698
Error: 1.02626305775
Error: 1.02631608969
Error: 1.02626305775
Error: 1.02631608969
Error: 1.02579858859
Error: 1.02577259812
Error: 1.02582463153
Error: 1.02577259812
Error: 1.02582463153
Error: 1.02532563012
Error: 1.02530011998
Error: 1.02535119176
Error: 1.02530011998
Error: 1.02535119176
Error: 1.02486969958
Error: 1.02484465233
Error: 1.02489479737
Error: 1.02484465233
Error: 1.02489479737
Error: 1.02442989368
Error: 1.02440529284
Error: 1.02445454416
Error: 1.02440529284
Error: 1.02445454416
Error: 1.02400537195
Error: 1.02398120188
Error: 1.02402959078
Error: 1.02398120188
Error: 1.02402959078
Error: 1.02359535129
Error: 1.02357159718
Error: 1.02361915332
Error: 1.02357159718
Error: 1.02361915332
Error: 1.02319910123
Error: 1.02317574899
Error: 1.02322250056
Error: 1.02317574899
Error: 1.02322250056
Error: 1.02281593952
Error: 1.0227929758
Error: 1.02283894955
Error: 1.0227929758
Error: 1.02283894955
Error: 1.02244522826
Error: 1.02242264034
Error: 1.02246786174
Error: 1.02242264034
Error: 1.02246786174
Error: 1.02208637035
Error: 1.02206414612
Error: 1.02210863938
Error: 1.02206414612
Error: 1.02210863938
Error: 1.02173880624
Error: 1.02171693419
Error: 1.02176072238
Error: 1.02171693419
Error: 1.02176072238
Error: 1.02140201106
Error: 1.02138048021
Error: 1.02142358533
Error: 1.02138048021
Error: 1.02142358533
Error: 1.02107549199
Error: 1.02105429185
Error: 1.02109673488
Error: 1.02105429185
Error: 1.02109673488
Error: 1.0207587858
Error: 1.02073790636
Error: 1.02077970733
Error: 1.02073790636
Error: 1.02077970733
Error: 1.02045145671
Error: 1.02043088841
Error: 1.02047206645
Error: 1.02043088841
Error: 1.02047206645
Error: 1.02015309433
Error: 1.02013282805
Error: 1.02017340145
Error: 1.02013282805
Error: 1.02017340145
Error: 1.01986331192
Error: 1.01984333891
Error: 1.01988332517
Error: 1.01984333891
Error: 1.01988332517
Error: 1.01958174463
Error: 1.01956205653
Error: 1.01960147239
Error: 1.01956205653
Error: 1.01960147239
Error: 1.01930804801
Error: 1.01928863682
Error: 1.01932749832
Error: 1.01928863682
Error: 1.01932749832
Error: 1.01904189663
Error: 1.01902275465
Error: 1.01906107717
Error: 1.01902275465
Error: 1.01906107717
Error: 1.01878298271
Error: 1.01876410259
Error: 1.01880190087
Error: 1.01876410259
Error: 1.01880190087
Error: 1.01853101503
Error: 1.01851238969
Error: 1.01854967789
Error: 1.01851238969
Error: 1.01854967789
Error: 1.01828571775
Error: 1.01826734041
Error: 1.0183041321
Error: 1.01826734041
Error: 1.0183041321
Error: 1.01804682946
Error: 1.01802869361
Error: 1.01806500184
Error: 1.01802869361
Error: 1.01806500184
Error: 1.01781410224
Error: 1.01779620161
Error: 1.01783203892
Error: 1.01779620161
Error: 1.01783203892
Error: 1.01758730078
Error: 1.01756962935
Error: 1.0176050078
Error: 1.01756962935
Error: 1.0176050078
Error: 1.01736620161
Error: 1.01734875358
Error: 1.01738368477
Error: 1.01734875358
Error: 1.01738368477
Error: 1.01715059235
Error: 1.01713336215
Error: 1.01716785724
Error: 1.01713336215
Error: 1.01716785724
Error: 1.01694027104
Error: 1.0169232533
Error: 1.01695732305
Error: 1.0169232533
Error: 1.01695732305
Error: 1.01673504552
Error: 1.01671823506
Error: 1.01675188982
Error: 1.01671823506
Error: 1.01675188982
Error: 1.01653473281
Error: 1.01651812463
Error: 1.01655137441
Error: 1.01651812463
Error: 1.01655137441
Error: 1.01633915858
Error: 1.01632274789
Error: 1.0163556023
Error: 1.01632274789
Error: 1.0163556023
Error: 1.01614815668
Error: 1.01613193883
Error: 1.01616440717
Error: 1.01613193883
Error: 1.01616440717
Error: 1.01596156862
Error: 1.01594553913
Error: 1.01597763036
Error: 1.01594553913
Error: 1.01597763036
Error: 1.01577924314
Error: 1.0157633977
Error: 1.01579512048
Error: 1.0157633977
Error: 1.01579512048
Error: 1.01560103585
Error: 1.01558537026
Error: 1.01561673295
Error: 1.01558537026
Error: 1.01561673295
Error: 1.01542680876
Error: 1.015411319
Error: 1.01544232969
Error: 1.015411319
Error: 1.01544232969
Error: 1.01525643002
Error: 1.01524111218
Error: 1.01527177868
Error: 1.01524111218
Error: 1.01527177868
Error: 1.01508977351
Error: 1.01507462382
Error: 1.01510495368
Error: 1.01507462382
Error: 1.01510495368
Error: 1.01492671858
Error: 1.01491173339
Error: 1.01494173392
Error: 1.01491173339
Error: 1.01494173392
Error: 1.01476714973
Error: 1.0147523255
Error: 1.01478200378
Error: 1.0147523255
Error: 1.01478200378
Error: 1.01461095634
Error: 1.01459628965
Error: 1.01462565254
Error: 1.01459628965
Error: 1.01462565254
Error: 1.01445803244
Error: 1.01444351998
Error: 1.0144725741
Error: 1.01444351998
Error: 1.0144725741
Error: 1.01430827643
Error: 1.01429391499
Error: 1.01432266677
Error: 1.01429391499
Error: 1.01432266677
Error: 1.01416159089
Error: 1.01414737736
Error: 1.01417583302
Error: 1.01414737736
Error: 1.01417583302
Error: 1.01401788235
Error: 1.01400381371
Error: 1.01403197929
Error: 1.01400381371
Error: 1.01403197929
Error: 1.01387706109
Error: 1.01386313442
Error: 1.01389101577
Error: 1.01386313442
Error: 1.01389101577
Error: 1.01373904096
Error: 1.01372525342
Error: 1.01375285623
Error: 1.01372525342
Error: 1.01375285623
Error: 1.01360373922
Error: 1.01359008806
Error: 1.01361741783
Error: 1.01359008806
Error: 1.01361741783
Error: 1.01347107633
Error: 1.01345755888
Error: 1.01348462096
Error: 1.01345755888
Error: 1.01348462096
Error: 1.01334097584
Error: 1.01332758951
Error: 1.01335438909
Error: 1.01332758951
Error: 1.01335438909
Error: 1.01321336423
Error: 1.01320010649
Error: 1.01322664863
Error: 1.01320010649
Error: 1.01322664863
Error: 1.01308817075
Error: 1.01307503917
Error: 1.01310132874
Error: 1.01307503917
Error: 1.01310132874
Error: 1.01296532732
Error: 1.01295231951
Error: 1.01297836129
Error: 1.01295231951
Error: 1.01297836129
Error: 1.01284476839
Error: 1.01283188203
Error: 1.01285768065
Error: 1.01283188203
Error: 1.01285768065
Error: 1.0127264308
Error: 1.01271366366
Error: 1.01273922361
Error: 1.01271366366
Error: 1.01273922361
Error: 1.01261025375
Error: 1.01259760363
Error: 1.01262292929
Error: 1.01259760363
Error: 1.01262292929
Error: 1.01249617858
Error: 1.01248364336
Error: 1.01250873899
Error: 1.01248364336
Error: 1.01250873899
Error: 1.01238414877
Error: 1.01237172639
Error: 1.01239659612
Error: 1.01237172639
Error: 1.01239659612
Error: 1.0122741098
Error: 1.01226179824
Error: 1.01228644611
Error: 1.01226179824
Error: 1.01228644611
Error: 1.01216600908
Error: 1.01215380638
Error: 1.0121782363
Error: 1.01215380638
Error: 1.0121782363
Error: 1.01205979583
Error: 1.01204770009
Error: 1.01207191589
Error: 1.01204770009
Error: 1.01207191589
Error: 1.01195542106
Error: 1.01194343041
Error: 1.01196743581
Error: 1.01194343041
Error: 1.01196743581
Error: 1.01185283744
Error: 1.01184095007
Error: 1.0118647487
Error: 1.01184095007
Error: 1.0118647487
Error: 1.01175199925
Error: 1.01174021341
Error: 1.01176380879
Error: 1.01174021341
Error: 1.01176380879
Error: 1.01165286233
Error: 1.01164117629
Error: 1.01166457186
Error: 1.01164117629
Error: 1.01166457186
Error: 1.01155538399
Error: 1.01154379607
Error: 1.01156699519
Error: 1.01154379607
Error: 1.01156699519
Error: 1.01145952294
Error: 1.01144803151
Error: 1.01147103746
Error: 1.01144803151
Error: 1.01147103746
Error: 1.01136523926
Error: 1.01135384273
Error: 1.0113766587
Error: 1.01135384273
Error: 1.0113766587
Error: 1.01127249435
Error: 1.01126119117
Error: 1.01128382026
Error: 1.01126119117
Error: 1.01128382026
Error: 1.01118125084
Error: 1.01117003948
Error: 1.01119248473
Error: 1.01117003948
Error: 1.01119248473
Error: 1.01109147257
Error: 1.01108035155
Error: 1.01110261593
Error: 1.01108035155
Error: 1.01110261593
Error: 1.01100312451
Error: 1.0109920924
Error: 1.01101417879
Error: 1.0109920924
Error: 1.01101417879
Error: 1.01091617277
Error: 1.01090522815
Error: 1.01092713938
Error: 1.01090522815
Error: 1.01092713938
Error: 1.0108305845
Error: 1.010819726
Error: 1.01084146483
Error: 1.010819726
Error: 1.01084146483
Error: 1.01074632789
Error: 1.01073555415
Error: 1.01075712327
Error: 1.01073555415
Error: 1.01075712327
Error: 1.01066337209
Error: 1.01065268181
Error: 1.01067408384
Error: 1.01065268181
Error: 1.01067408384
Error: 1.01058168721
Error: 1.0105710791
Error: 1.01059231662
Error: 1.0105710791
Error: 1.01059231662
Error: 1.01050124426
Error: 1.01049071708
Error: 1.01051179259
Error: 1.01049071708
Error: 1.01051179259
Error: 1.01042201514
Error: 1.01041156766
Error: 1.01043248362
Error: 1.01041156766
Error: 1.01043248362
Error: 1.01034397259
Error: 1.0103336036
Error: 1.01035436241
Error: 1.0103336036
Error: 1.01035436241
Error: 1.01026709013
Error: 1.01025679847
Error: 1.01027740247
Error: 1.01025679847
Error: 1.01027740247
Error: 1.0101913421
Error: 1.01018112662
Error: 1.0102015781
Error: 1.01018112662
Error: 1.0102015781
Error: 1.01011670357
Error: 1.01010656316
Error: 1.01012686436
Error: 1.01010656316
Error: 1.01012686436
Error: 1.01004315035
Error: 1.0100330839
Error: 1.01005323702
Error: 1.0100330839
Error: 1.01005323702
Error: 1.00997065892
Error: 1.00996066537
Error: 1.00998067255
Error: 1.00996066537
Error: 1.00998067255
Error: 1.00989920648
Error: 1.00988928477
Error: 1.00990914811
Error: 1.00988928477
Error: 1.00990914811
Error: 1.00982877083
Error: 1.00981891995
Error: 1.00983864149
Error: 1.00981891995
Error: 1.00983864149
Error: 1.00975933042
Error: 1.00974954936
Error: 1.00976913113
Error: 1.00974954936
Error: 1.00976913113
Error: 1.00969086432
Error: 1.0096811521
Error: 1.00970059605
Error: 1.0096811521
Error: 1.00970059605
Error: 1.00962335216
Error: 1.00961370781
Error: 1.00963301588
Error: 1.00961370781
Error: 1.00963301588
Error: 1.00955677414
Error: 1.00954719672
Error: 1.00956637079
Error: 1.00954719672
Error: 1.00956637079
Error: 1.009491111
Error: 1.00948159959
Error: 1.00950064151
Error: 1.00948159959
Error: 1.00950064151
Error: 1.00942634402
Error: 1.00941689772
Error: 1.00943580929
Error: 1.00941689772
Error: 1.00943580929
Error: 1.00936245498
Error: 1.0093530729
Error: 1.0093718559
Error: 1.0093530729
Error: 1.0093718559
Error: 1.00929942614
Error: 1.00929010741
Error: 1.00930876358
Error: 1.00929010741
Error: 1.00930876358
Error: 1.00923724024
Error: 1.00922798402
Error: 1.00924651506
Error: 1.00922798402
Error: 1.00924651506
Error: 1.0091758805
Error: 1.00916668595
Error: 1.00918509352
Error: 1.00916668595
Error: 1.00918509352
Error: 1.00911533056
Error: 1.00910619686
Error: 1.0091244826
Error: 1.00910619686
Error: 1.0091244826
Error: 1.00905557448
Error: 1.00904650084
Error: 1.00906466635
Error: 1.00904650084
Error: 1.00906466635
Error: 1.00899659677
Error: 1.00898758239
Error: 1.00900562924
Error: 1.00898758239
Error: 1.00900562924
Error: 1.0089383823
Error: 1.00892942643
Error: 1.00894735616
Error: 1.00892942643
Error: 1.00894735616
Error: 1.00888091636
Error: 1.00887201823
Error: 1.00888983236
Error: 1.00887201823
Error: 1.00888983236
Error: 1.00882418461
Error: 1.00881534349
Error: 1.00883304348
Error: 1.00881534349
Error: 1.00883304348
Error: 1.00876817306
Error: 1.00875938822
Error: 1.00877697554
Error: 1.00875938822
Error: 1.00877697554
Error: 1.00871286809
Error: 1.00870413882
Error: 1.00872161489
Error: 1.00870413882
Error: 1.00872161489
Error: 1.0086582564
Error: 1.008649582
Error: 1.00866694822
Error: 1.008649582
Error: 1.00866694822
Error: 1.00860432506
Error: 1.00859570484
Error: 1.00861296258
Error: 1.00859570484
Error: 1.00861296258
Error: 1.00855106141
Error: 1.0085424947
Error: 1.00855964531
Error: 1.0085424947
Error: 1.00855964531
Error: 1.00849845314
Error: 1.00848993929
Error: 1.00850698409
Error: 1.00848993929
Error: 1.00850698409
Error: 1.00844648823
Error: 1.00843802658
Error: 1.00845496686
Error: 1.00843802658
Error: 1.00845496686
Error: 1.00839515494
Error: 1.00838674485
Error: 1.0084035819
Error: 1.00838674485
Error: 1.0084035819
Error: 1.00834444183
Error: 1.00833608269
Error: 1.00835281775
Error: 1.00833608269
Error: 1.00835281775
Error: 1.00829433773
Error: 1.00828602891
Error: 1.00830266322
Error: 1.00828602891
Error: 1.00830266322
Error: 1.00824483173
Error: 1.00823657264
Error: 1.00825310739
Error: 1.00823657264
Error: 1.00825310739
Error: 1.00819591319
Error: 1.00818770324
Error: 1.00820413962
Error: 1.00818770324
Error: 1.00820413962
Error: 1.00814757171
Error: 1.00813941031
Error: 1.00815574949
Error: 1.00813941031
Error: 1.00815574949
Error: 1.00809979714
Error: 1.00809168373
Error: 1.00810792684
Error: 1.00809168373
Error: 1.00810792684
Error: 1.00805257957
Error: 1.00804451358
Error: 1.00806066175
Error: 1.00804451358
Error: 1.00806066175
Error: 1.00800590931
Error: 1.00799789019
Error: 1.00801394453
Error: 1.00799789019
Error: 1.00801394453
Error: 1.00795977691
Error: 1.00795180412
Error: 1.0079677657
Error: 1.00795180412
Error: 1.0079677657
Error: 1.00791417311
Error: 1.00790624612
Error: 1.00792211602
Error: 1.00790624612
Error: 1.00792211602
Error: 1.00786908889
Error: 1.00786120717
Error: 1.00787698643
Error: 1.00786120717
Error: 1.00787698643
Error: 1.00782451541
Error: 1.00781667845
Error: 1.0078323681
Error: 1.00781667845
Error: 1.0078323681
Error: 1.00778044404
Error: 1.00777265134
Error: 1.00778825239
Error: 1.00777265134
Error: 1.00778825239
Error: 1.00773686635
Error: 1.00772911741
Error: 1.00774463086
Error: 1.00772911741
Error: 1.00774463086
Error: 1.00769377409
Error: 1.00768606842
Error: 1.00770149524
Error: 1.00768606842
Error: 1.00770149524
Error: 1.0076511592
Error: 1.00764349631
Error: 1.00765883747
Error: 1.00764349631
Error: 1.00765883747
Error: 1.00760901378
Error: 1.0076013932
Error: 1.00761664965
Error: 1.0076013932
Error: 1.00761664965
Error: 1.00756733011
Error: 1.00755975139
Error: 1.00757492405
Error: 1.00755975139
Error: 1.00757492405
Error: 1.00752610066
Error: 1.00751856333
Error: 1.00753365312
Error: 1.00751856333
Error: 1.00753365312
Error: 1.00748531804
Error: 1.00747782165
Error: 1.00749282947
Error: 1.00747782165
Error: 1.00749282947
Error: 1.00744497502
Error: 1.00743751913
Error: 1.00745244586
Error: 1.00743751913
Error: 1.00745244586
Error: 1.00740506453
Error: 1.00739764871
Error: 1.00741249523
Error: 1.00739764871
Error: 1.00741249523
Error: 1.00736557965
Error: 1.00735820347
Error: 1.00737297064
Error: 1.00735820347
Error: 1.00737297064
Error: 1.00732651362
Error: 1.00731917666
Error: 1.00733386531
Error: 1.00731917666
Error: 1.00733386531
Error: 1.0072878598
Error: 1.00728056164
Error: 1.00729517261
Error: 1.00728056164
Error: 1.00729517261
Error: 1.00724961171
Error: 1.00724235194
Error: 1.00725688605
Error: 1.00724235194
Error: 1.00725688605
Error: 1.00721176298
Error: 1.00720454121
Error: 1.00721899925
Error: 1.00720454121
Error: 1.00721899925
Error: 1.0071743074
Error: 1.00716712322
Error: 1.007181506
Error: 1.00716712322
Error: 1.007181506
Error: 1.00713723887
Error: 1.0071300919
Error: 1.00714440019
Error: 1.0071300919
Error: 1.00714440019
Error: 1.00710055143
Error: 1.00709344128
Error: 1.00710767585
Error: 1.00709344128
Error: 1.00710767585
Error: 1.00706423922
Error: 1.00705716552
Error: 1.00707132712
Error: 1.00705716552
Error: 1.00707132712
Error: 1.00702829652
Error: 1.00702125889
Error: 1.00703534828
Error: 1.00702125889
Error: 1.00703534828
Error: 1.00699271772
Error: 1.0069857158
Error: 1.00699973369
Error: 1.0069857158
Error: 1.00699973369
Error: 1.00695749732
Error: 1.00695053074
Error: 1.00696447788
Error: 1.00695053074
Error: 1.00696447788
Error: 1.00692262993
Error: 1.00691569835
Error: 1.00692957542
Error: 1.00691569835
Error: 1.00692957542
Error: 1.00688811027
Error: 1.00688121333
Error: 1.00689502105
Error: 1.00688121333
Error: 1.00689502105
Error: 1.00685393316
Error: 1.00684707052
Error: 1.00686080958
Error: 1.00684707052
Error: 1.00686080958
Error: 1.00682009354
Error: 1.00681326486
Error: 1.00682693593
Error: 1.00681326486
Error: 1.00682693593
Error: 1.00678658642
Error: 1.00677979136
Error: 1.00679339511
Error: 1.00677979136
Error: 1.00679339511
Error: 1.00675340693
Error: 1.00674664517
Error: 1.00676018226
Error: 1.00674664517
Error: 1.00676018226
Error: 1.00672055029
Error: 1.0067138215
Error: 1.00672729259
Error: 1.0067138215
Error: 1.00672729259
Error: 1.00668801181
Error: 1.00668131566
Error: 1.00669472139
Error: 1.00668131566
Error: 1.00669472139
Error: 1.00665578688
Error: 1.00664912307
Error: 1.00666246406
Error: 1.00664912307
Error: 1.00666246406
Error: 1.00662387101
Error: 1.00661723922
Error: 1.0066305161
Error: 1.00661723922
Error: 1.0066305161
Error: 1.00659225976
Error: 1.00658565969
Error: 1.00659887307
Error: 1.00658565969
Error: 1.00659887307
Error: 1.00656094879
Error: 1.00655438014
Error: 1.00656753062
Error: 1.00655438014
Error: 1.00656753062
Error: 1.00652993385
Error: 1.00652339632
Error: 1.0065364845
Error: 1.00652339632
Error: 1.0065364845
Error: 1.00649921076
Error: 1.00649270405
Error: 1.00650573052
Error: 1.00649270405
Error: 1.00650573052
Error: 1.00646877541
Error: 1.00646229924
Error: 1.00647526458
Error: 1.00646229924
Error: 1.00647526458
Error: 1.00643862379
Error: 1.00643217786
Error: 1.00644508264
Error: 1.00643217786
Error: 1.00644508264
Error: 1.00640875194
Error: 1.00640233598
Error: 1.00641518076
Error: 1.00640233598
Error: 1.00641518076
Error: 1.00637915598
Error: 1.00637276972
Error: 1.00638555506
Error: 1.00637276972
Error: 1.00638555506
Error: 1.00634983213
Error: 1.00634347528
Error: 1.00635620172
Error: 1.00634347528
Error: 1.00635620172
Error: 1.00632077663
Error: 1.00631444893
Error: 1.00632711702
Error: 1.00631444893
Error: 1.00632711702
Error: 1.00629198582
Error: 1.006285687
Error: 1.00629829727
Error: 1.006285687
Error: 1.00629829727
Error: 1.0062634561
Error: 1.00625718591
Error: 1.00626973888
Error: 1.00625718591
Error: 1.00626973888
Error: 1.00623518394
Error: 1.0062289421
Error: 1.0062414383
Error: 1.0062289421
Error: 1.0062414383
Error: 1.00620716586
Error: 1.00620095213
Error: 1.00621339205
Error: 1.00620095213
Error: 1.00621339205
Error: 1.00617939845
Error: 1.00617321258
Error: 1.00618559674
Error: 1.00617321258
Error: 1.00618559674
Error: 1.00615187837
Error: 1.0061457201
Error: 1.006158049
Error: 1.0061457201
Error: 1.006158049
Error: 1.00612460233
Error: 1.00611847142
Error: 1.00613074554
Error: 1.00611847142
Error: 1.00613074554
Error: 1.00609756708
Error: 1.00609146329
Error: 1.00610368312
Error: 1.00609146329
Error: 1.00610368312
Error: 1.00607076947
Error: 1.00606469255
Error: 1.00607685858
Error: 1.00606469255
Error: 1.00607685858
Error: 1.00604420636
Error: 1.00603815609
Error: 1.00605026877
Error: 1.00603815609
Error: 1.00605026877
Error: 1.0060178747
Error: 1.00601185084
Error: 1.00602391065
Error: 1.00601185084
Error: 1.00602391065
Error: 1.00599177147
Error: 1.00598577379
Error: 1.00599778119
Error: 1.00598577379
Error: 1.00599778119
Error: 1.00596589372
Error: 1.00595992199
Error: 1.00597187742
Error: 1.00595992199
Error: 1.00597187742
Error: 1.00594023852
Error: 1.00593429253
Error: 1.00594619645
Error: 1.00593429253
Error: 1.00594619645
Error: 1.00591480304
Error: 1.00590888255
Error: 1.0059207354
Error: 1.00590888255
Error: 1.0059207354
Error: 1.00588958444
Error: 1.00588368925
Error: 1.00589549146
Error: 1.00588368925
Error: 1.00589549146
Error: 1.00586457998
Error: 1.00585870986
Error: 1.00587046187
Error: 1.00585870986
Error: 1.00587046187
Error: 1.00583978694
Error: 1.00583394168
Error: 1.00584564392
Error: 1.00583394168
Error: 1.00584564392
Error: 1.00581520264
Error: 1.00580938204
Error: 1.00582103491
Error: 1.00580938204
Error: 1.00582103491
Error: 1.00579082446
Error: 1.00578502831
Error: 1.00579663224
Error: 1.00578502831
Error: 1.00579663224
Error: 1.00576664982
Error: 1.00576087792
Error: 1.00577243331
Error: 1.00576087792
Error: 1.00577243331
Error: 1.00574267619
Error: 1.00573692832
Error: 1.00574843559
Error: 1.00573692832
Error: 1.00574843559
Error: 1.00571890106
Error: 1.00571317703
Error: 1.00572463657
Error: 1.00571317703
Error: 1.00572463657
Error: 1.00569532198
Error: 1.00568962159
Error: 1.00570103379
Error: 1.00568962159
Error: 1.00570103379
Error: 1.00567193653
Error: 1.0056662596
Error: 1.00567762485
Error: 1.0056662596
Error: 1.00567762485
Error: 1.00564874234
Error: 1.00564308867
Error: 1.00565440735
Error: 1.00564308867
Error: 1.00565440735
Error: 1.00562573707
Error: 1.00562010647
Error: 1.00563137897
Error: 1.00562010647
Error: 1.00563137897
Error: 1.00560291843
Error: 1.00559731071
Error: 1.0056085374
Error: 1.00559731071
Error: 1.0056085374
Error: 1.00558028415
Error: 1.00557469912
Error: 1.00558588038
Error: 1.00557469912
Error: 1.00558588038
Error: 1.00555783201
Error: 1.00555226949
Error: 1.00556340568
Error: 1.00555226949
Error: 1.00556340568
Error: 1.00553555981
Error: 1.00553001962
Error: 1.00554111111
Error: 1.00553001962
Error: 1.00554111111

Arkane execution terminated at Tue Apr 30 23:26:50 2019
Memory used: 185.29 MB
Arkane execution initiated at Wed May  1 08:12:54 2019

################################################################
#                                                              #
# Automated Reaction Kinetics and Network Exploration (Arkane) #
#                                                              #
#   Version: 2.3.0                                             #
#   Authors: RMG Developers (rmg_dev@mit.edu)                  #
#   P.I.s:   William H. Green (whgreen@mit.edu)                #
#            Richard H. West (r.west@neu.edu)                  #
#   Website: http://reactionmechanismgenerator.github.io/      #
#                                                              #
################################################################

Databases not found. Making databases
Loading frequencies group database from /Users/mattjohnson/RMGCODE/RMG-database/input/statmech/groups...
Loading transport library from GRI-Mech.py in /Users/mattjohnson/RMGCODE/RMG-database/input/transport/libraries...
Loading transport library from NOx2018.py in /Users/mattjohnson/RMGCODE/RMG-database/input/transport/libraries...
Loading transport library from PrimaryTransportLibrary.py in /Users/mattjohnson/RMGCODE/RMG-database/input/transport/libraries...
Loading transport group database from /Users/mattjohnson/RMGCODE/RMG-database/input/transport/groups...
Loading species Toluene...
Assigned a frequency scale factor of 0.99 for model chemistry CBS-QB3


Loading statistical mechanics parameters for Toluene...
Saving statistical mechanics parameters for Toluene...
Error: 298.298
Error: 1.04702227351
Error: 297.702
Error: 1.04711784547
Error: 298.0
Error: 1.04707001099
Error: 298.298
Error: 1.04702227351
Error: 297.702
Error: 1.04711784547
Saving thermo for Toluene...
Error: 10.0
Error: 2.94882636386
Error: 10.01
Error: 2.94642912512
Error: 9.99
Error: 2.95122902545
Error: 10.01
Error: 2.94642912512
Error: 9.99
Error: 2.95122902545
Error: 20.0
Error: 1.84484505314
Error: 20.02
Error: 1.84385641275
Error: 19.98
Error: 1.84583593673
Error: 20.02
Error: 1.84385641275
Error: 19.98
Error: 1.84583593673
Error: 30.0
Error: 1.53014044527
Error: 30.03
Error: 1.52954319471
Error: 29.97
Error: 1.53073902159
Error: 30.03
Error: 1.52954319471
Error: 29.97
Error: 1.53073902159
Error: 40.0
Error: 1.38477636832
Error: 40.04
Error: 1.38435323104
Error: 39.96
Error: 1.38520042861
Error: 40.04
Error: 1.38435323104
Error: 39.96
Error: 1.38520042861
Error: 50.0
Error: 1.30158218954
Error: 50.05
Error: 1.30125590045
Error: 49.95
Error: 1.30190918127
Error: 50.05
Error: 1.30125590045
Error: 49.95
Error: 1.30190918127
Error: 60.0
Error: 1.24782992688
Error: 60.06
Error: 1.24756489725
Error: 59.94
Error: 1.24809552173
Error: 60.06
Error: 1.24756489725
Error: 59.94
Error: 1.24809552173
Error: 70.0
Error: 1.21028192354
Error: 70.07
Error: 1.2100589974
Error: 69.93
Error: 1.21050532156
Error: 70.07
Error: 1.2100589974
Error: 69.93
Error: 1.21050532156
Error: 80.0
Error: 1.18258663337
Error: 80.08
Error: 1.18239436969
Error: 79.92
Error: 1.18277930163
Error: 80.08
Error: 1.18239436969
Error: 79.92
Error: 1.18277930163
Error: 90.0
Error: 1.16132289286
Error: 90.09
Error: 1.16115393123
Error: 89.91
Error: 1.16149220833
Error: 90.09
Error: 1.16115393123
Error: 89.91
Error: 1.16149220833
Error: 100.0
Error: 1.14448689143
Error: 100.1
Error: 1.14433622532
Error: 99.9
Error: 1.1446378718
Error: 100.1
Error: 1.14433622532
Error: 99.9
Error: 1.1446378718
Error: 110.0
Error: 1.13082789174
Error: 110.11
Error: 1.13069196501
Error: 109.89
Error: 1.13096410105
Error: 110.11
Error: 1.13069196501
Error: 109.89
Error: 1.13096410105
Error: 120.0
Error: 1.11952518896
Error: 120.12
Error: 1.11940138671
Error: 119.88
Error: 1.11964924786
Error: 120.12
Error: 1.11940138671
Error: 119.88
Error: 1.11964924786
Error: 130.0
Error: 1.11001808246
Error: 130.13
Error: 1.10990442671
Error: 129.87
Error: 1.11013197324
Error: 130.13
Error: 1.10990442671
Error: 129.87
Error: 1.11013197324
Error: 140.0
Error: 1.10191054876
Error: 140.14
Error: 1.10180550769
Error: 139.86
Error: 1.10201580659
Error: 140.14
Error: 1.10180550769
Error: 139.86
Error: 1.10201580659
Error: 150.0
Error: 1.0949149621
Error: 150.15
Error: 1.09481732554
Error: 149.85
Error: 1.09501279977
Error: 150.15
Error: 1.09481732554
Error: 149.85
Error: 1.09501279977
Error: 160.0
Error: 1.08881740529
Error: 160.16
Error: 1.08872620073
Error: 159.84
Error: 1.08890879739
Error: 160.16
Error: 1.08872620073
Error: 159.84
Error: 1.08890879739
Error: 170.0
Error: 1.08345549341
Error: 170.17
Error: 1.08336992775
Error: 169.83
Error: 1.08354123477
Error: 170.17
Error: 1.08336992775
Error: 169.83
Error: 1.08354123477
Error: 180.0
Error: 1.0787037457
Error: 180.18
Error: 1.07862316372
Error: 179.82
Error: 1.07878449292
Error: 180.18
Error: 1.07862316372
Error: 179.82
Error: 1.07878449292
Error: 190.0
Error: 1.07446367029
Error: 190.19
Error: 1.0743875245
Error: 189.81
Error: 1.07453997204
Error: 190.19
Error: 1.0743875245
Error: 189.81
Error: 1.07453997204
Error: 200.0
Error: 1.07065688152
Error: 200.2
Error: 1.07058470982
Error: 199.8
Error: 1.07072920089
Error: 200.2
Error: 1.07058470982
Error: 199.8
Error: 1.07072920089
Error: 210.0
Error: 1.06722022041
Error: 210.21
Error: 1.0671516292
Error: 209.79
Error: 1.06728895182
Error: 210.21
Error: 1.0671516292
Error: 209.79
Error: 1.06728895182
Error: 220.0
Error: 1.06410222994
Error: 220.22
Error: 1.06403688127
Error: 219.78
Error: 1.06416771206
Error: 220.22
Error: 1.06403688127
Error: 219.78
Error: 1.06416771206
Error: 230.0
Error: 1.06126056579
Error: 230.23
Error: 1.06119816735
Error: 229.77
Error: 1.06132309156
Error: 230.23
Error: 1.06119816735
Error: 229.77
Error: 1.06132309156
Error: 240.0
Error: 1.05866006524
Error: 240.24
Error: 1.05860036247
Error: 239.76
Error: 1.05871988973
Error: 240.24
Error: 1.05860036247
Error: 239.76
Error: 1.05871988973
Error: 250.0
Error: 1.05627128702
Error: 250.25
Error: 1.05621405693
Error: 249.75
Error: 1.05632863371
Error: 250.25
Error: 1.05621405693
Error: 249.75
Error: 1.05632863371
Error: 260.0
Error: 1.05406939341
Error: 260.26
Error: 1.05401443956
Error: 259.74
Error: 1.05412445917
Error: 260.26
Error: 1.05401443956
Error: 259.74
Error: 1.05412445917
Error: 270.0
Error: 1.05203328456
Error: 270.27
Error: 1.05198043298
Error: 269.73
Error: 1.05208624371
Error: 270.27
Error: 1.05198043298
Error: 269.73
Error: 1.05208624371
Error: 280.0
Error: 1.05014492096
Error: 280.28
Error: 1.05009401687
Error: 279.72
Error: 1.05019592858
Error: 280.28
Error: 1.05009401687
Error: 279.72
Error: 1.05019592858
Error: 290.0
Error: 1.04838878814
Error: 290.29
Error: 1.04833969326
Error: 289.71
Error: 1.04843798282
Error: 290.29
Error: 1.04833969326
Error: 289.71
Error: 1.04843798282
Error: 300.0
Error: 1.04675146992
Error: 300.3
Error: 1.04670406016
Error: 299.7
Error: 1.04679897602
Error: 300.3
Error: 1.04670406016
Error: 299.7
Error: 1.04679897602
Error: 310.0
Error: 1.04522130535
Error: 310.31
Error: 1.04517546895
Error: 309.69
Error: 1.04526723483
Error: 310.31
Error: 1.04517546895
Error: 309.69
Error: 1.04526723483
Error: 320.0
Error: 1.04378811076
Error: 320.32
Error: 1.04374374673
Error: 319.68
Error: 1.04383256485
Error: 320.32
Error: 1.04374374673
Error: 319.68
Error: 1.04383256485
Error: 330.0
Error: 1.04244295311
Error: 330.33
Error: 1.04239996987
Error: 329.67
Error: 1.04248602357
Error: 330.33
Error: 1.04239996987
Error: 329.67
Error: 1.04248602357
Error: 340.0
Error: 1.04117796371
Error: 340.34
Error: 1.04113627795
Error: 339.66
Error: 1.04121973401
Error: 340.34
Error: 1.04113627795
Error: 339.66
Error: 1.04121973401
Error: 350.0
Error: 1.03998618432
Error: 350.35
Error: 1.03994572006
Error: 349.65
Error: 1.04002673062
Error: 350.35
Error: 1.03994572006
Error: 349.65
Error: 1.04002673062
Error: 360.0
Error: 1.0388614392
Error: 360.36
Error: 1.03882212694
Error: 359.64
Error: 1.03890083115
Error: 360.36
Error: 1.03882212694
Error: 359.64
Error: 1.03890083115
Error: 370.0
Error: 1.03779822815
Error: 370.37
Error: 1.03776000414
Error: 369.63
Error: 1.03783652962
Error: 370.37
Error: 1.03776000414
Error: 369.63
Error: 1.03783652962
Error: 380.0
Error: 1.03679163657
Error: 380.38
Error: 1.03675444221
Error: 379.62
Error: 1.03682890627
Error: 380.38
Error: 1.03675444221
Error: 379.62
Error: 1.03682890627
Error: 390.0
Error: 1.0358372596
Error: 390.39
Error: 1.03580104091
Error: 389.61
Error: 1.03587355163
Error: 390.39
Error: 1.03580104091
Error: 389.61
Error: 1.03587355163
Error: 400.0
Error: 1.03493113767
Error: 400.4
Error: 1.03489584479
Error: 399.6
Error: 1.034966502
Error: 400.4
Error: 1.03489584479
Error: 399.6
Error: 1.034966502
Error: 410.0
Error: 1.03406970167
Error: 410.41
Error: 1.03403528848
Error: 409.59
Error: 1.03410418452
Error: 410.41
Error: 1.03403528848
Error: 409.59
Error: 1.03410418452
Error: 420.0
Error: 1.03324972595
Error: 420.42
Error: 1.03321614967
Error: 419.58
Error: 1.03328337017
Error: 420.42
Error: 1.03321614967
Error: 419.58
Error: 1.03328337017
Error: 430.0
Error: 1.03246828799
Error: 430.43
Error: 1.0324355089
Error: 429.57
Error: 1.03250113339
Error: 430.43
Error: 1.0324355089
Error: 429.57
Error: 1.03250113339
Error: 440.0
Error: 1.0317227336
Error: 440.44
Error: 1.03169071475
Error: 439.56
Error: 1.03175481722
Error: 440.44
Error: 1.03169071475
Error: 439.56
Error: 1.03175481722
Error: 450.0
Error: 1.03101064686
Error: 450.45
Error: 1.03097935379
Error: 449.55
Error: 1.03104200321
Error: 450.45
Error: 1.03097935379
Error: 449.55
Error: 1.03104200321
Error: 460.0
Error: 1.03032982392
Error: 460.46
Error: 1.03029922447
Error: 459.54
Error: 1.03036048524
Error: 460.46
Error: 1.03029922447
Error: 459.54
Error: 1.03036048524
Error: 470.0
Error: 1.02967825026
Error: 470.47
Error: 1.02964831435
Error: 469.53
Error: 1.02970824668
Error: 470.47
Error: 1.02964831435
Error: 469.53
Error: 1.02970824668
Error: 480.0
Error: 1.02905408079
Error: 480.48
Error: 1.02902478027
Error: 479.52
Error: 1.02908344052
Error: 480.48
Error: 1.02902478027
Error: 479.52
Error: 1.02908344052
Error: 490.0
Error: 1.02845562239
Error: 490.49
Error: 1.02842693086
Error: 489.51
Error: 1.02848437189
Error: 490.49
Error: 1.02842693086
Error: 489.51
Error: 1.02848437189
Error: 500.0
Error: 1.0278813186
Error: 500.5
Error: 1.02785321127
Error: 499.5
Error: 1.02790948271
Error: 500.5
Error: 1.02785321127
Error: 499.5
Error: 1.02790948271
Error: 510.0
Error: 1.02732973609
Error: 510.51
Error: 1.02730218964
Error: 509.49
Error: 1.02735733817
Error: 510.51
Error: 1.02730218964
Error: 509.49
Error: 1.02735733817
Error: 520.0
Error: 1.02679955272
Error: 520.52
Error: 1.02677254522
Error: 519.48
Error: 1.02682661475
Error: 520.52
Error: 1.02677254522
Error: 519.48
Error: 1.02682661475
Error: 530.0
Error: 1.02628954698
Error: 530.53
Error: 1.02626305775
Error: 529.47
Error: 1.02631608969
Error: 530.53
Error: 1.02626305775
Error: 529.47
Error: 1.02631608969
Error: 540.0
Error: 1.02579858859
Error: 540.54
Error: 1.02577259812
Error: 539.46
Error: 1.02582463153
Error: 540.54
Error: 1.02577259812
Error: 539.46
Error: 1.02582463153
Error: 550.0
Error: 1.02532563012
Error: 550.55
Error: 1.02530011998
Error: 549.45
Error: 1.02535119176
Error: 550.55
Error: 1.02530011998
Error: 549.45
Error: 1.02535119176
Error: 560.0
Error: 1.02486969958
Error: 560.56
Error: 1.02484465233
Error: 559.44
Error: 1.02489479737
Error: 560.56
Error: 1.02484465233
Error: 559.44
Error: 1.02489479737
Error: 570.0
Error: 1.02442989368
Error: 570.57
Error: 1.02440529284
Error: 569.43
Error: 1.02445454416
Error: 570.57
Error: 1.02440529284
Error: 569.43
Error: 1.02445454416
Error: 580.0
Error: 1.02400537195
Error: 580.58
Error: 1.02398120188
Error: 579.42
Error: 1.02402959078
Error: 580.58
Error: 1.02398120188
Error: 579.42
Error: 1.02402959078
Error: 590.0
Error: 1.02359535129
Error: 590.59
Error: 1.02357159718
Error: 589.41
Error: 1.02361915332
Error: 590.59
Error: 1.02357159718
Error: 589.41
Error: 1.02361915332
Error: 600.0
Error: 1.02319910123
Error: 600.6
Error: 1.02317574899
Error: 599.4
Error: 1.02322250056
Error: 600.6
Error: 1.02317574899
Error: 599.4
Error: 1.02322250056
Error: 610.0
Error: 1.02281593952
Error: 610.61
Error: 1.0227929758
Error: 609.39
Error: 1.02283894955
Error: 610.61
Error: 1.0227929758
Error: 609.39
Error: 1.02283894955
Error: 620.0
Error: 1.02244522826
Error: 620.62
Error: 1.02242264034
Error: 619.38
Error: 1.02246786174
Error: 620.62
Error: 1.02242264034
Error: 619.38
Error: 1.02246786174
Error: 630.0
Error: 1.02208637035
Error: 630.63
Error: 1.02206414612
Error: 629.37
Error: 1.02210863938
Error: 630.63
Error: 1.02206414612
Error: 629.37
Error: 1.02210863938
Error: 640.0
Error: 1.02173880624
Error: 640.64
Error: 1.02171693419
Error: 639.36
Error: 1.02176072238
Error: 640.64
Error: 1.02171693419
Error: 639.36
Error: 1.02176072238
Error: 650.0
Error: 1.02140201106
Error: 650.65
Error: 1.02138048021
Error: 649.35
Error: 1.02142358533
Error: 650.65
Error: 1.02138048021
Error: 649.35
Error: 1.02142358533
Error: 660.0
Error: 1.02107549199
Error: 660.66
Error: 1.02105429185
Error: 659.34
Error: 1.02109673488
Error: 660.66
Error: 1.02105429185
Error: 659.34
Error: 1.02109673488
Error: 670.0
Error: 1.0207587858
Error: 670.67
Error: 1.02073790636
Error: 669.33
Error: 1.02077970733
Error: 670.67
Error: 1.02073790636
Error: 669.33
Error: 1.02077970733
Error: 680.0
Error: 1.02045145671
Error: 680.68
Error: 1.02043088841
Error: 679.32
Error: 1.02047206645
Error: 680.68
Error: 1.02043088841
Error: 679.32
Error: 1.02047206645
Error: 690.0
Error: 1.02015309433
Error: 690.69
Error: 1.02013282805
Error: 689.31
Error: 1.02017340145
Error: 690.69
Error: 1.02013282805
Error: 689.31
Error: 1.02017340145
Error: 700.0
Error: 1.01986331192
Error: 700.7
Error: 1.01984333891
Error: 699.3
Error: 1.01988332517
Error: 700.7
Error: 1.01984333891
Error: 699.3
Error: 1.01988332517
Error: 710.0
Error: 1.01958174463
Error: 710.71
Error: 1.01956205653
Error: 709.29
Error: 1.01960147239
Error: 710.71
Error: 1.01956205653
Error: 709.29
Error: 1.01960147239
Error: 720.0
Error: 1.01930804801
Error: 720.72
Error: 1.01928863682
Error: 719.28
Error: 1.01932749832
Error: 720.72
Error: 1.01928863682
Error: 719.28
Error: 1.01932749832
Error: 730.0
Error: 1.01904189663
Error: 730.73
Error: 1.01902275465
Error: 729.27
Error: 1.01906107717
Error: 730.73
Error: 1.01902275465
Error: 729.27
Error: 1.01906107717
Error: 740.0
Error: 1.01878298271
Error: 740.74
Error: 1.01876410259
Error: 739.26
Error: 1.01880190087
Error: 740.74
Error: 1.01876410259
Error: 739.26
Error: 1.01880190087
Error: 750.0
Error: 1.01853101503
Error: 750.75
Error: 1.01851238969
Error: 749.25
Error: 1.01854967789
Error: 750.75
Error: 1.01851238969
Error: 749.25
Error: 1.01854967789
Error: 760.0
Error: 1.01828571775
Error: 760.76
Error: 1.01826734041
Error: 759.24
Error: 1.0183041321
Error: 760.76
Error: 1.01826734041
Error: 759.24
Error: 1.0183041321
Error: 770.0
Error: 1.01804682946
Error: 770.77
Error: 1.01802869361
Error: 769.23
Error: 1.01806500184
Error: 770.77
Error: 1.01802869361
Error: 769.23
Error: 1.01806500184
Error: 780.0
Error: 1.01781410224
Error: 780.78
Error: 1.01779620161
Error: 779.22
Error: 1.01783203892
Error: 780.78
Error: 1.01779620161
Error: 779.22
Error: 1.01783203892
Error: 790.0
Error: 1.01758730078
Error: 790.79
Error: 1.01756962935
Error: 789.21
Error: 1.0176050078
Error: 790.79
Error: 1.01756962935
Error: 789.21
Error: 1.0176050078
Error: 800.0
Error: 1.01736620161
Error: 800.8
Error: 1.01734875358
Error: 799.2
Error: 1.01738368477
Error: 800.8
Error: 1.01734875358
Error: 799.2
Error: 1.01738368477
Error: 810.0
Error: 1.01715059235
Error: 810.81
Error: 1.01713336215
Error: 809.19
Error: 1.01716785724
Error: 810.81
Error: 1.01713336215
Error: 809.19
Error: 1.01716785724
Error: 820.0
Error: 1.01694027104
Error: 820.82
Error: 1.0169232533
Error: 819.18
Error: 1.01695732305
Error: 820.82
Error: 1.0169232533
Error: 819.18
Error: 1.01695732305
Error: 830.0
Error: 1.01673504552
Error: 830.83
Error: 1.01671823506
Error: 829.17
Error: 1.01675188982
Error: 830.83
Error: 1.01671823506
Error: 829.17
Error: 1.01675188982
Error: 840.0
Error: 1.01653473281
Error: 840.84
Error: 1.01651812463
Error: 839.16
Error: 1.01655137441
Error: 840.84
Error: 1.01651812463
Error: 839.16
Error: 1.01655137441
Error: 850.0
Error: 1.01633915858
Error: 850.85
Error: 1.01632274789
Error: 849.15
Error: 1.0163556023
Error: 850.85
Error: 1.01632274789
Error: 849.15
Error: 1.0163556023
Error: 860.0
Error: 1.01614815668
Error: 860.86
Error: 1.01613193883
Error: 859.14
Error: 1.01616440717
Error: 860.86
Error: 1.01613193883
Error: 859.14
Error: 1.01616440717
Error: 870.0
Error: 1.01596156862
Error: 870.87
Error: 1.01594553913
Error: 869.13
Error: 1.01597763036
Error: 870.87
Error: 1.01594553913
Error: 869.13
Error: 1.01597763036
Error: 880.0
Error: 1.01577924314
Error: 880.88
Error: 1.0157633977
Error: 879.12
Error: 1.01579512048
Error: 880.88
Error: 1.0157633977
Error: 879.12
Error: 1.01579512048
Error: 890.0
Error: 1.01560103585
Error: 890.89
Error: 1.01558537026
Error: 889.11
Error: 1.01561673295
Error: 890.89
Error: 1.01558537026
Error: 889.11
Error: 1.01561673295
Error: 900.0
Error: 1.01542680876
Error: 900.9
Error: 1.015411319
Error: 899.1
Error: 1.01544232969
Error: 900.9
Error: 1.015411319
Error: 899.1
Error: 1.01544232969
Error: 910.0
Error: 1.01525643002
Error: 910.91
Error: 1.01524111218
Error: 909.09
Error: 1.01527177868
Error: 910.91
Error: 1.01524111218
Error: 909.09
Error: 1.01527177868
Error: 920.0
Error: 1.01508977351
Error: 920.92
Error: 1.01507462382
Error: 919.08
Error: 1.01510495368
Error: 920.92
Error: 1.01507462382
Error: 919.08
Error: 1.01510495368
Error: 930.0
Error: 1.01492671858
Error: 930.93
Error: 1.01491173339
Error: 929.07
Error: 1.01494173392
Error: 930.93
Error: 1.01491173339
Error: 929.07
Error: 1.01494173392
Error: 940.0
Error: 1.01476714973
Error: 940.94
Error: 1.0147523255
Error: 939.06
Error: 1.01478200378
Error: 940.94
Error: 1.0147523255
Error: 939.06
Error: 1.01478200378
Error: 950.0
Error: 1.01461095634
Error: 950.95
Error: 1.01459628965
Error: 949.05
Error: 1.01462565254
Error: 950.95
Error: 1.01459628965
Error: 949.05
Error: 1.01462565254
Error: 960.0
Error: 1.01445803244
Error: 960.96
Error: 1.01444351998
Error: 959.04
Error: 1.0144725741
Error: 960.96
Error: 1.01444351998
Error: 959.04
Error: 1.0144725741
Error: 970.0
Error: 1.01430827643
Error: 970.97
Error: 1.01429391499
Error: 969.03
Error: 1.01432266677
Error: 970.97
Error: 1.01429391499
Error: 969.03
Error: 1.01432266677
Error: 980.0
Error: 1.01416159089
Error: 980.98
Error: 1.01414737736
Error: 979.02
Error: 1.01417583302
Error: 980.98
Error: 1.01414737736
Error: 979.02
Error: 1.01417583302
Error: 990.0
Error: 1.01401788235
Error: 990.99
Error: 1.01400381371
Error: 989.01
Error: 1.01403197929
Error: 990.99
Error: 1.01400381371
Error: 989.01
Error: 1.01403197929
Error: 1000.0
Error: 1.01387706109
Error: 1001.0
Error: 1.01386313442
Error: 999.0
Error: 1.01389101577
Error: 1001.0
Error: 1.01386313442
Error: 999.0
Error: 1.01389101577
Error: 1010.0
Error: 1.01373904096
Error: 1011.01
Error: 1.01372525342
Error: 1008.99
Error: 1.01375285623
Error: 1011.01
Error: 1.01372525342
Error: 1008.99
Error: 1.01375285623
Error: 1020.0
Error: 1.01360373922
Error: 1021.02
Error: 1.01359008806
Error: 1018.98
Error: 1.01361741783
Error: 1021.02
Error: 1.01359008806
Error: 1018.98
Error: 1.01361741783
Error: 1030.0
Error: 1.01347107633
Error: 1031.03
Error: 1.01345755888
Error: 1028.97
Error: 1.01348462096
Error: 1031.03
Error: 1.01345755888
Error: 1028.97
Error: 1.01348462096
Error: 1040.0
Error: 1.01334097584
Error: 1041.04
Error: 1.01332758951
Error: 1038.96
Error: 1.01335438909
Error: 1041.04
Error: 1.01332758951
Error: 1038.96
Error: 1.01335438909
Error: 1050.0
Error: 1.01321336423
Error: 1051.05
Error: 1.01320010649
Error: 1048.95
Error: 1.01322664863
Error: 1051.05
Error: 1.01320010649
Error: 1048.95
Error: 1.01322664863
Error: 1060.0
Error: 1.01308817075
Error: 1061.06
Error: 1.01307503917
Error: 1058.94
Error: 1.01310132874
Error: 1061.06
Error: 1.01307503917
Error: 1058.94
Error: 1.01310132874
Error: 1070.0
Error: 1.01296532732
Error: 1071.07
Error: 1.01295231951
Error: 1068.93
Error: 1.01297836129
Error: 1071.07
Error: 1.01295231951
Error: 1068.93
Error: 1.01297836129
Error: 1080.0
Error: 1.01284476839
Error: 1081.08
Error: 1.01283188203
Error: 1078.92
Error: 1.01285768065
Error: 1081.08
Error: 1.01283188203
Error: 1078.92
Error: 1.01285768065
Error: 1090.0
Error: 1.0127264308
Error: 1091.09
Error: 1.01271366366
Error: 1088.91
Error: 1.01273922361
Error: 1091.09
Error: 1.01271366366
Error: 1088.91
Error: 1.01273922361
Error: 1100.0
Error: 1.01261025375
Error: 1101.1
Error: 1.01259760363
Error: 1098.9
Error: 1.01262292929
Error: 1101.1
Error: 1.01259760363
Error: 1098.9
Error: 1.01262292929
Error: 1110.0
Error: 1.01249617858
Error: 1111.11
Error: 1.01248364336
Error: 1108.89
Error: 1.01250873899
Error: 1111.11
Error: 1.01248364336
Error: 1108.89
Error: 1.01250873899
Error: 1120.0
Error: 1.01238414877
Error: 1121.12
Error: 1.01237172639
Error: 1118.88
Error: 1.01239659612
Error: 1121.12
Error: 1.01237172639
Error: 1118.88
Error: 1.01239659612
Error: 1130.0
Error: 1.0122741098
Error: 1131.13
Error: 1.01226179824
Error: 1128.87
Error: 1.01228644611
Error: 1131.13
Error: 1.01226179824
Error: 1128.87
Error: 1.01228644611
Error: 1140.0
Error: 1.01216600908
Error: 1141.14
Error: 1.01215380638
Error: 1138.86
Error: 1.0121782363
Error: 1141.14
Error: 1.01215380638
Error: 1138.86
Error: 1.0121782363
Error: 1150.0
Error: 1.01205979583
Error: 1151.15
Error: 1.01204770009
Error: 1148.85
Error: 1.01207191589
Error: 1151.15
Error: 1.01204770009
Error: 1148.85
Error: 1.01207191589
Error: 1160.0
Error: 1.01195542106
Error: 1161.16
Error: 1.01194343041
Error: 1158.84
Error: 1.01196743581
Error: 1161.16
Error: 1.01194343041
Error: 1158.84
Error: 1.01196743581
Error: 1170.0
Error: 1.01185283744
Error: 1171.17
Error: 1.01184095007
Error: 1168.83
Error: 1.0118647487
Error: 1171.17
Error: 1.01184095007
Error: 1168.83
Error: 1.0118647487
Error: 1180.0
Error: 1.01175199925
Error: 1181.18
Error: 1.01174021341
Error: 1178.82
Error: 1.01176380879
Error: 1181.18
Error: 1.01174021341
Error: 1178.82
Error: 1.01176380879
Error: 1190.0
Error: 1.01165286233
Error: 1191.19
Error: 1.01164117629
Error: 1188.81
Error: 1.01166457186
Error: 1191.19
Error: 1.01164117629
Error: 1188.81
Error: 1.01166457186
Error: 1200.0
Error: 1.01155538399
Error: 1201.2
Error: 1.01154379607
Error: 1198.8
Error: 1.01156699519
Error: 1201.2
Error: 1.01154379607
Error: 1198.8
Error: 1.01156699519
Error: 1210.0
Error: 1.01145952294
Error: 1211.21
Error: 1.01144803151
Error: 1208.79
Error: 1.01147103746
Error: 1211.21
Error: 1.01144803151
Error: 1208.79
Error: 1.01147103746
Error: 1220.0
Error: 1.01136523926
Error: 1221.22
Error: 1.01135384273
Error: 1218.78
Error: 1.0113766587
Error: 1221.22
Error: 1.01135384273
Error: 1218.78
Error: 1.0113766587
Error: 1230.0
Error: 1.01127249435
Error: 1231.23
Error: 1.01126119117
Error: 1228.77
Error: 1.01128382026
Error: 1231.23
Error: 1.01126119117
Error: 1228.77
Error: 1.01128382026
Error: 1240.0
Error: 1.01118125084
Error: 1241.24
Error: 1.01117003948
Error: 1238.76
Error: 1.01119248473
Error: 1241.24
Error: 1.01117003948
Error: 1238.76
Error: 1.01119248473
Error: 1250.0
Error: 1.01109147257
Error: 1251.25
Error: 1.01108035155
Error: 1248.75
Error: 1.01110261593
Error: 1251.25
Error: 1.01108035155
Error: 1248.75
Error: 1.01110261593
Error: 1260.0
Error: 1.01100312451
Error: 1261.26
Error: 1.0109920924
Error: 1258.74
Error: 1.01101417879
Error: 1261.26
Error: 1.0109920924
Error: 1258.74
Error: 1.01101417879
Error: 1270.0
Error: 1.01091617277
Error: 1271.27
Error: 1.01090522815
Error: 1268.73
Error: 1.01092713938
Error: 1271.27
Error: 1.01090522815
Error: 1268.73
Error: 1.01092713938
Error: 1280.0
Error: 1.0108305845
Error: 1281.28
Error: 1.010819726
Error: 1278.72
Error: 1.01084146483
Error: 1281.28
Error: 1.010819726
Error: 1278.72
Error: 1.01084146483
Error: 1290.0
Error: 1.01074632789
Error: 1291.29
Error: 1.01073555415
Error: 1288.71
Error: 1.01075712327
Error: 1291.29
Error: 1.01073555415
Error: 1288.71
Error: 1.01075712327
Error: 1300.0
Error: 1.01066337209
Error: 1301.3
Error: 1.01065268181
Error: 1298.7
Error: 1.01067408384
Error: 1301.3
Error: 1.01065268181
Error: 1298.7
Error: 1.01067408384
Error: 1310.0
Error: 1.01058168721
Error: 1311.31
Error: 1.0105710791
Error: 1308.69
Error: 1.01059231662
Error: 1311.31
Error: 1.0105710791
Error: 1308.69
Error: 1.01059231662
Error: 1320.0
Error: 1.01050124426
Error: 1321.32
Error: 1.01049071708
Error: 1318.68
Error: 1.01051179259
Error: 1321.32
Error: 1.01049071708
Error: 1318.68
Error: 1.01051179259
Error: 1330.0
Error: 1.01042201514
Error: 1331.33
Error: 1.01041156766
Error: 1328.67
Error: 1.01043248362
Error: 1331.33
Error: 1.01041156766
Error: 1328.67
Error: 1.01043248362
Error: 1340.0
Error: 1.01034397259
Error: 1341.34
Error: 1.0103336036
Error: 1338.66
Error: 1.01035436241
Error: 1341.34
Error: 1.0103336036
Error: 1338.66
Error: 1.01035436241
Error: 1350.0
Error: 1.01026709013
Error: 1351.35
Error: 1.01025679847
Error: 1348.65
Error: 1.01027740247
Error: 1351.35
Error: 1.01025679847
Error: 1348.65
Error: 1.01027740247
Error: 1360.0
Error: 1.0101913421
Error: 1361.36
Error: 1.01018112662
Error: 1358.64
Error: 1.0102015781
Error: 1361.36
Error: 1.01018112662
Error: 1358.64
Error: 1.0102015781
Error: 1370.0
Error: 1.01011670357
Error: 1371.37
Error: 1.01010656316
Error: 1368.63
Error: 1.01012686436
Error: 1371.37
Error: 1.01010656316
Error: 1368.63
Error: 1.01012686436
Error: 1380.0
Error: 1.01004315035
Error: 1381.38
Error: 1.0100330839
Error: 1378.62
Error: 1.01005323702
Error: 1381.38
Error: 1.0100330839
Error: 1378.62
Error: 1.01005323702
Error: 1390.0
Error: 1.00997065892
Error: 1391.39
Error: 1.00996066537
Error: 1388.61
Error: 1.00998067255
Error: 1391.39
Error: 1.00996066537
Error: 1388.61
Error: 1.00998067255
Error: 1400.0
Error: 1.00989920648
Error: 1401.4
Error: 1.00988928477
Error: 1398.6
Error: 1.00990914811
Error: 1401.4
Error: 1.00988928477
Error: 1398.6
Error: 1.00990914811
Error: 1410.0
Error: 1.00982877083
Error: 1411.41
Error: 1.00981891995
Error: 1408.59
Error: 1.00983864149
Error: 1411.41
Error: 1.00981891995
Error: 1408.59
Error: 1.00983864149
Error: 1420.0
Error: 1.00975933042
Error: 1421.42
Error: 1.00974954936
Error: 1418.58
Error: 1.00976913113
Error: 1421.42
Error: 1.00974954936
Error: 1418.58
Error: 1.00976913113
Error: 1430.0
Error: 1.00969086432
Error: 1431.43
Error: 1.0096811521
Error: 1428.57
Error: 1.00970059605
Error: 1431.43
Error: 1.0096811521
Error: 1428.57
Error: 1.00970059605
Error: 1440.0
Error: 1.00962335216
Error: 1441.44
Error: 1.00961370781
Error: 1438.56
Error: 1.00963301588
Error: 1441.44
Error: 1.00961370781
Error: 1438.56
Error: 1.00963301588
Error: 1450.0
Error: 1.00955677414
Error: 1451.45
Error: 1.00954719672
Error: 1448.55
Error: 1.00956637079
Error: 1451.45
Error: 1.00954719672
Error: 1448.55
Error: 1.00956637079
Error: 1460.0
Error: 1.009491111
Error: 1461.46
Error: 1.00948159959
Error: 1458.54
Error: 1.00950064151
Error: 1461.46
Error: 1.00948159959
Error: 1458.54
Error: 1.00950064151
Error: 1470.0
Error: 1.00942634402
Error: 1471.47
Error: 1.00941689772
Error: 1468.53
Error: 1.00943580929
Error: 1471.47
Error: 1.00941689772
Error: 1468.53
Error: 1.00943580929
Error: 1480.0
Error: 1.00936245498
Error: 1481.48
Error: 1.0093530729
Error: 1478.52
Error: 1.0093718559
Error: 1481.48
Error: 1.0093530729
Error: 1478.52
Error: 1.0093718559
Error: 1490.0
Error: 1.00929942614
Error: 1491.49
Error: 1.00929010741
Error: 1488.51
Error: 1.00930876358
Error: 1491.49
Error: 1.00929010741
Error: 1488.51
Error: 1.00930876358
Error: 1500.0
Error: 1.00923724024
Error: 1501.5
Error: 1.00922798402
Error: 1498.5
Error: 1.00924651506
Error: 1501.5
Error: 1.00922798402
Error: 1498.5
Error: 1.00924651506
Error: 1510.0
Error: 1.0091758805
Error: 1511.51
Error: 1.00916668595
Error: 1508.49
Error: 1.00918509352
Error: 1511.51
Error: 1.00916668595
Error: 1508.49
Error: 1.00918509352
Error: 1520.0
Error: 1.00911533056
Error: 1521.52
Error: 1.00910619686
Error: 1518.48
Error: 1.0091244826
Error: 1521.52
Error: 1.00910619686
Error: 1518.48
Error: 1.0091244826
Error: 1530.0
Error: 1.00905557448
Error: 1531.53
Error: 1.00904650084
Error: 1528.47
Error: 1.00906466635
Error: 1531.53
Error: 1.00904650084
Error: 1528.47
Error: 1.00906466635
Error: 1540.0
Error: 1.00899659677
Error: 1541.54
Error: 1.00898758239
Error: 1538.46
Error: 1.00900562924
Error: 1541.54
Error: 1.00898758239
Error: 1538.46
Error: 1.00900562924
Error: 1550.0
Error: 1.0089383823
Error: 1551.55
Error: 1.00892942643
Error: 1548.45
Error: 1.00894735616
Error: 1551.55
Error: 1.00892942643
Error: 1548.45
Error: 1.00894735616
Error: 1560.0
Error: 1.00888091636
Error: 1561.56
Error: 1.00887201823
Error: 1558.44
Error: 1.00888983236
Error: 1561.56
Error: 1.00887201823
Error: 1558.44
Error: 1.00888983236
Error: 1570.0
Error: 1.00882418461
Error: 1571.57
Error: 1.00881534349
Error: 1568.43
Error: 1.00883304348
Error: 1571.57
Error: 1.00881534349
Error: 1568.43
Error: 1.00883304348
Error: 1580.0
Error: 1.00876817306
Error: 1581.58
Error: 1.00875938822
Error: 1578.42
Error: 1.00877697554
Error: 1581.58
Error: 1.00875938822
Error: 1578.42
Error: 1.00877697554
Error: 1590.0
Error: 1.00871286809
Error: 1591.59
Error: 1.00870413882
Error: 1588.41
Error: 1.00872161489
Error: 1591.59
Error: 1.00870413882
Error: 1588.41
Error: 1.00872161489
Error: 1600.0
Error: 1.0086582564
Error: 1601.6
Error: 1.008649582
Error: 1598.4
Error: 1.00866694822
Error: 1601.6
Error: 1.008649582
Error: 1598.4
Error: 1.00866694822
Error: 1610.0
Error: 1.00860432506
Error: 1611.61
Error: 1.00859570484
Error: 1608.39
Error: 1.00861296258
Error: 1611.61
Error: 1.00859570484
Error: 1608.39
Error: 1.00861296258
Error: 1620.0
Error: 1.00855106141
Error: 1621.62
Error: 1.0085424947
Error: 1618.38
Error: 1.00855964531
Error: 1621.62
Error: 1.0085424947
Error: 1618.38
Error: 1.00855964531
Error: 1630.0
Error: 1.00849845314
Error: 1631.63
Error: 1.00848993929
Error: 1628.37
Error: 1.00850698409
Error: 1631.63
Error: 1.00848993929
Error: 1628.37
Error: 1.00850698409
Error: 1640.0
Error: 1.00844648823
Error: 1641.64
Error: 1.00843802658
Error: 1638.36
Error: 1.00845496686
Error: 1641.64
Error: 1.00843802658
Error: 1638.36
Error: 1.00845496686
Error: 1650.0
Error: 1.00839515494
Error: 1651.65
Error: 1.00838674485
Error: 1648.35
Error: 1.0084035819
Error: 1651.65
Error: 1.00838674485
Error: 1648.35
Error: 1.0084035819
Error: 1660.0
Error: 1.00834444183
Error: 1661.66
Error: 1.00833608269
Error: 1658.34
Error: 1.00835281775
Error: 1661.66
Error: 1.00833608269
Error: 1658.34
Error: 1.00835281775
Error: 1670.0
Error: 1.00829433773
Error: 1671.67
Error: 1.00828602891
Error: 1668.33
Error: 1.00830266322
Error: 1671.67
Error: 1.00828602891
Error: 1668.33
Error: 1.00830266322
Error: 1680.0
Error: 1.00824483173
Error: 1681.68
Error: 1.00823657264
Error: 1678.32
Error: 1.00825310739
Error: 1681.68
Error: 1.00823657264
Error: 1678.32
Error: 1.00825310739
Error: 1690.0
Error: 1.00819591319
Error: 1691.69
Error: 1.00818770324
Error: 1688.31
Error: 1.00820413962
Error: 1691.69
Error: 1.00818770324
Error: 1688.31
Error: 1.00820413962
Error: 1700.0
Error: 1.00814757171
Error: 1701.7
Error: 1.00813941031
Error: 1698.3
Error: 1.00815574949
Error: 1701.7
Error: 1.00813941031
Error: 1698.3
Error: 1.00815574949
Error: 1710.0
Error: 1.00809979714
Error: 1711.71
Error: 1.00809168373
Error: 1708.29
Error: 1.00810792684
Error: 1711.71
Error: 1.00809168373
Error: 1708.29
Error: 1.00810792684
Error: 1720.0
Error: 1.00805257957
Error: 1721.72
Error: 1.00804451358
Error: 1718.28
Error: 1.00806066175
Error: 1721.72
Error: 1.00804451358
Error: 1718.28
Error: 1.00806066175
Error: 1730.0
Error: 1.00800590931
Error: 1731.73
Error: 1.00799789019
Error: 1728.27
Error: 1.00801394453
Error: 1731.73
Error: 1.00799789019
Error: 1728.27
Error: 1.00801394453
Error: 1740.0
Error: 1.00795977691
Error: 1741.74
Error: 1.00795180412
Error: 1738.26
Error: 1.0079677657
Error: 1741.74
Error: 1.00795180412
Error: 1738.26
Error: 1.0079677657
Error: 1750.0
Error: 1.00791417311
Error: 1751.75
Error: 1.00790624612
Error: 1748.25
Error: 1.00792211602
Error: 1751.75
Error: 1.00790624612
Error: 1748.25
Error: 1.00792211602
Error: 1760.0
Error: 1.00786908889
Error: 1761.76
Error: 1.00786120717
Error: 1758.24
Error: 1.00787698643
Error: 1761.76
Error: 1.00786120717
Error: 1758.24
Error: 1.00787698643
Error: 1770.0
Error: 1.00782451541
Error: 1771.77
Error: 1.00781667845
Error: 1768.23
Error: 1.0078323681
Error: 1771.77
Error: 1.00781667845
Error: 1768.23
Error: 1.0078323681
Error: 1780.0
Error: 1.00778044404
Error: 1781.78
Error: 1.00777265134
Error: 1778.22
Error: 1.00778825239
Error: 1781.78
Error: 1.00777265134
Error: 1778.22
Error: 1.00778825239
Error: 1790.0
Error: 1.00773686635
Error: 1791.79
Error: 1.00772911741
Error: 1788.21
Error: 1.00774463086
Error: 1791.79
Error: 1.00772911741
Error: 1788.21
Error: 1.00774463086
Error: 1800.0
Error: 1.00769377409
Error: 1801.8
Error: 1.00768606842
Error: 1798.2
Error: 1.00770149524
Error: 1801.8
Error: 1.00768606842
Error: 1798.2
Error: 1.00770149524
Error: 1810.0
Error: 1.0076511592
Error: 1811.81
Error: 1.00764349631
Error: 1808.19
Error: 1.00765883747
Error: 1811.81
Error: 1.00764349631
Error: 1808.19
Error: 1.00765883747
Error: 1820.0
Error: 1.00760901378
Error: 1821.82
Error: 1.0076013932
Error: 1818.18
Error: 1.00761664965
Error: 1821.82
Error: 1.0076013932
Error: 1818.18
Error: 1.00761664965
Error: 1830.0
Error: 1.00756733011
Error: 1831.83
Error: 1.00755975139
Error: 1828.17
Error: 1.00757492405
Error: 1831.83
Error: 1.00755975139
Error: 1828.17
Error: 1.00757492405
Error: 1840.0
Error: 1.00752610066
Error: 1841.84
Error: 1.00751856333
Error: 1838.16
Error: 1.00753365312
Error: 1841.84
Error: 1.00751856333
Error: 1838.16
Error: 1.00753365312
Error: 1850.0
Error: 1.00748531804
Error: 1851.85
Error: 1.00747782165
Error: 1848.15
Error: 1.00749282947
Error: 1851.85
Error: 1.00747782165
Error: 1848.15
Error: 1.00749282947
Error: 1860.0
Error: 1.00744497502
Error: 1861.86
Error: 1.00743751913
Error: 1858.14
Error: 1.00745244586
Error: 1861.86
Error: 1.00743751913
Error: 1858.14
Error: 1.00745244586
Error: 1870.0
Error: 1.00740506453
Error: 1871.87
Error: 1.00739764871
Error: 1868.13
Error: 1.00741249523
Error: 1871.87
Error: 1.00739764871
Error: 1868.13
Error: 1.00741249523
Error: 1880.0
Error: 1.00736557965
Error: 1881.88
Error: 1.00735820347
Error: 1878.12
Error: 1.00737297064
Error: 1881.88
Error: 1.00735820347
Error: 1878.12
Error: 1.00737297064
Error: 1890.0
Error: 1.00732651362
Error: 1891.89
Error: 1.00731917666
Error: 1888.11
Error: 1.00733386531
Error: 1891.89
Error: 1.00731917666
Error: 1888.11
Error: 1.00733386531
Error: 1900.0
Error: 1.0072878598
Error: 1901.9
Error: 1.00728056164
Error: 1898.1
Error: 1.00729517261
Error: 1901.9
Error: 1.00728056164
Error: 1898.1
Error: 1.00729517261
Error: 1910.0
Error: 1.00724961171
Error: 1911.91
Error: 1.00724235194
Error: 1908.09
Error: 1.00725688605
Error: 1911.91
Error: 1.00724235194
Error: 1908.09
Error: 1.00725688605
Error: 1920.0
Error: 1.00721176298
Error: 1921.92
Error: 1.00720454121
Error: 1918.08
Error: 1.00721899925
Error: 1921.92
Error: 1.00720454121
Error: 1918.08
Error: 1.00721899925
Error: 1930.0
Error: 1.0071743074
Error: 1931.93
Error: 1.00716712322
Error: 1928.07
Error: 1.007181506
Error: 1931.93
Error: 1.00716712322
Error: 1928.07
Error: 1.007181506
Error: 1940.0
Error: 1.00713723887
Error: 1941.94
Error: 1.0071300919
Error: 1938.06
Error: 1.00714440019
Error: 1941.94
Error: 1.0071300919
Error: 1938.06
Error: 1.00714440019
Error: 1950.0
Error: 1.00710055143
Error: 1951.95
Error: 1.00709344128
Error: 1948.05
Error: 1.00710767585
Error: 1951.95
Error: 1.00709344128
Error: 1948.05
Error: 1.00710767585
Error: 1960.0
Error: 1.00706423922
Error: 1961.96
Error: 1.00705716552
Error: 1958.04
Error: 1.00707132712
Error: 1961.96
Error: 1.00705716552
Error: 1958.04
Error: 1.00707132712
Error: 1970.0
Error: 1.00702829652
Error: 1971.97
Error: 1.00702125889
Error: 1968.03
Error: 1.00703534828
Error: 1971.97
Error: 1.00702125889
Error: 1968.03
Error: 1.00703534828
Error: 1980.0
Error: 1.00699271772
Error: 1981.98
Error: 1.0069857158
Error: 1978.02
Error: 1.00699973369
Error: 1981.98
Error: 1.0069857158
Error: 1978.02
Error: 1.00699973369
Error: 1990.0
Error: 1.00695749732
Error: 1991.99
Error: 1.00695053074
Error: 1988.01
Error: 1.00696447788
Error: 1991.99
Error: 1.00695053074
Error: 1988.01
Error: 1.00696447788
Error: 2000.0
Error: 1.00692262993
Error: 2002.0
Error: 1.00691569835
Error: 1998.0
Error: 1.00692957542
Error: 2002.0
Error: 1.00691569835
Error: 1998.0
Error: 1.00692957542
Error: 2010.0
Error: 1.00688811027
Error: 2012.01
Error: 1.00688121333
Error: 2007.99
Error: 1.00689502105
Error: 2012.01
Error: 1.00688121333
Error: 2007.99
Error: 1.00689502105
Error: 2020.0
Error: 1.00685393316
Error: 2022.02
Error: 1.00684707052
Error: 2017.98
Error: 1.00686080958
Error: 2022.02
Error: 1.00684707052
Error: 2017.98
Error: 1.00686080958
Error: 2030.0
Error: 1.00682009354
Error: 2032.03
Error: 1.00681326486
Error: 2027.97
Error: 1.00682693593
Error: 2032.03
Error: 1.00681326486
Error: 2027.97
Error: 1.00682693593
Error: 2040.0
Error: 1.00678658642
Error: 2042.04
Error: 1.00677979136
Error: 2037.96
Error: 1.00679339511
Error: 2042.04
Error: 1.00677979136
Error: 2037.96
Error: 1.00679339511
Error: 2050.0
Error: 1.00675340693
Error: 2052.05
Error: 1.00674664517
Error: 2047.95
Error: 1.00676018226
Error: 2052.05
Error: 1.00674664517
Error: 2047.95
Error: 1.00676018226
Error: 2060.0
Error: 1.00672055029
Error: 2062.06
Error: 1.0067138215
Error: 2057.94
Error: 1.00672729259
Error: 2062.06
Error: 1.0067138215
Error: 2057.94
Error: 1.00672729259
Error: 2070.0
Error: 1.00668801181
Error: 2072.07
Error: 1.00668131566
Error: 2067.93
Error: 1.00669472139
Error: 2072.07
Error: 1.00668131566
Error: 2067.93
Error: 1.00669472139
Error: 2080.0
Error: 1.00665578688
Error: 2082.08
Error: 1.00664912307
Error: 2077.92
Error: 1.00666246406
Error: 2082.08
Error: 1.00664912307
Error: 2077.92
Error: 1.00666246406
Error: 2090.0
Error: 1.00662387101
Error: 2092.09
Error: 1.00661723922
Error: 2087.91
Error: 1.0066305161
Error: 2092.09
Error: 1.00661723922
Error: 2087.91
Error: 1.0066305161
Error: 2100.0
Error: 1.00659225976
Error: 2102.1
Error: 1.00658565969
Error: 2097.9
Error: 1.00659887307
Error: 2102.1
Error: 1.00658565969
Error: 2097.9
Error: 1.00659887307
Error: 2110.0
Error: 1.00656094879
Error: 2112.11
Error: 1.00655438014
Error: 2107.89
Error: 1.00656753062
Error: 2112.11
Error: 1.00655438014
Error: 2107.89
Error: 1.00656753062
Error: 2120.0
Error: 1.00652993385
Error: 2122.12
Error: 1.00652339632
Error: 2117.88
Error: 1.0065364845
Error: 2122.12
Error: 1.00652339632
Error: 2117.88
Error: 1.0065364845
Error: 2130.0
Error: 1.00649921076
Error: 2132.13
Error: 1.00649270405
Error: 2127.87
Error: 1.00650573052
Error: 2132.13
Error: 1.00649270405
Error: 2127.87
Error: 1.00650573052
Error: 2140.0
Error: 1.00646877541
Error: 2142.14
Error: 1.00646229924
Error: 2137.86
Error: 1.00647526458
Error: 2142.14
Error: 1.00646229924
Error: 2137.86
Error: 1.00647526458
Error: 2150.0
Error: 1.00643862379
Error: 2152.15
Error: 1.00643217786
Error: 2147.85
Error: 1.00644508264
Error: 2152.15
Error: 1.00643217786
Error: 2147.85
Error: 1.00644508264
Error: 2160.0
Error: 1.00640875194
Error: 2162.16
Error: 1.00640233598
Error: 2157.84
Error: 1.00641518076
Error: 2162.16
Error: 1.00640233598
Error: 2157.84
Error: 1.00641518076
Error: 2170.0
Error: 1.00637915598
Error: 2172.17
Error: 1.00637276972
Error: 2167.83
Error: 1.00638555506
Error: 2172.17
Error: 1.00637276972
Error: 2167.83
Error: 1.00638555506
Error: 2180.0
Error: 1.00634983213
Error: 2182.18
Error: 1.00634347528
Error: 2177.82
Error: 1.00635620172
Error: 2182.18
Error: 1.00634347528
Error: 2177.82
Error: 1.00635620172
Error: 2190.0
Error: 1.00632077663
Error: 2192.19
Error: 1.00631444893
Error: 2187.81
Error: 1.00632711702
Error: 2192.19
Error: 1.00631444893
Error: 2187.81
Error: 1.00632711702
Error: 2200.0
Error: 1.00629198582
Error: 2202.2
Error: 1.006285687
Error: 2197.8
Error: 1.00629829727
Error: 2202.2
Error: 1.006285687
Error: 2197.8
Error: 1.00629829727
Error: 2210.0
Error: 1.0062634561
Error: 2212.21
Error: 1.00625718591
Error: 2207.79
Error: 1.00626973888
Error: 2212.21
Error: 1.00625718591
Error: 2207.79
Error: 1.00626973888
Error: 2220.0
Error: 1.00623518394
Error: 2222.22
Error: 1.0062289421
Error: 2217.78
Error: 1.0062414383
Error: 2222.22
Error: 1.0062289421
Error: 2217.78
Error: 1.0062414383
Error: 2230.0
Error: 1.00620716586
Error: 2232.23
Error: 1.00620095213
Error: 2227.77
Error: 1.00621339205
Error: 2232.23
Error: 1.00620095213
Error: 2227.77
Error: 1.00621339205
Error: 2240.0
Error: 1.00617939845
Error: 2242.24
Error: 1.00617321258
Error: 2237.76
Error: 1.00618559674
Error: 2242.24
Error: 1.00617321258
Error: 2237.76
Error: 1.00618559674
Error: 2250.0
Error: 1.00615187837
Error: 2252.25
Error: 1.0061457201
Error: 2247.75
Error: 1.006158049
Error: 2252.25
Error: 1.0061457201
Error: 2247.75
Error: 1.006158049
Error: 2260.0
Error: 1.00612460233
Error: 2262.26
Error: 1.00611847142
Error: 2257.74
Error: 1.00613074554
Error: 2262.26
Error: 1.00611847142
Error: 2257.74
Error: 1.00613074554
Error: 2270.0
Error: 1.00609756708
Error: 2272.27
Error: 1.00609146329
Error: 2267.73
Error: 1.00610368312
Error: 2272.27
Error: 1.00609146329
Error: 2267.73
Error: 1.00610368312
Error: 2280.0
Error: 1.00607076947
Error: 2282.28
Error: 1.00606469255
Error: 2277.72
Error: 1.00607685858
Error: 2282.28
Error: 1.00606469255
Error: 2277.72
Error: 1.00607685858
Error: 2290.0
Error: 1.00604420636
Error: 2292.29
Error: 1.00603815609
Error: 2287.71
Error: 1.00605026877
Error: 2292.29
Error: 1.00603815609
Error: 2287.71
Error: 1.00605026877
Error: 2300.0
Error: 1.0060178747
Error: 2302.3
Error: 1.00601185084
Error: 2297.7
Error: 1.00602391065
Error: 2302.3
Error: 1.00601185084
Error: 2297.7
Error: 1.00602391065
Error: 2310.0
Error: 1.00599177147
Error: 2312.31
Error: 1.00598577379
Error: 2307.69
Error: 1.00599778119
Error: 2312.31
Error: 1.00598577379
Error: 2307.69
Error: 1.00599778119
Error: 2320.0
Error: 1.00596589372
Error: 2322.32
Error: 1.00595992199
Error: 2317.68
Error: 1.00597187742
Error: 2322.32
Error: 1.00595992199
Error: 2317.68
Error: 1.00597187742
Error: 2330.0
Error: 1.00594023852
Error: 2332.33
Error: 1.00593429253
Error: 2327.67
Error: 1.00594619645
Error: 2332.33
Error: 1.00593429253
Error: 2327.67
Error: 1.00594619645
Error: 2340.0
Error: 1.00591480304
Error: 2342.34
Error: 1.00590888255
Error: 2337.66
Error: 1.0059207354
Error: 2342.34
Error: 1.00590888255
Error: 2337.66
Error: 1.0059207354
Error: 2350.0
Error: 1.00588958444
Error: 2352.35
Error: 1.00588368925
Error: 2347.65
Error: 1.00589549146
Error: 2352.35
Error: 1.00588368925
Error: 2347.65
Error: 1.00589549146
Error: 2360.0
Error: 1.00586457998
Error: 2362.36
Error: 1.00585870986
Error: 2357.64
Error: 1.00587046187
Error: 2362.36
Error: 1.00585870986
Error: 2357.64
Error: 1.00587046187
Error: 2370.0
Error: 1.00583978694
Error: 2372.37
Error: 1.00583394168
Error: 2367.63
Error: 1.00584564392
Error: 2372.37
Error: 1.00583394168
Error: 2367.63
Error: 1.00584564392
Error: 2380.0
Error: 1.00581520264
Error: 2382.38
Error: 1.00580938204
Error: 2377.62
Error: 1.00582103491
Error: 2382.38
Error: 1.00580938204
Error: 2377.62
Error: 1.00582103491
Error: 2390.0
Error: 1.00579082446
Error: 2392.39
Error: 1.00578502831
Error: 2387.61
Error: 1.00579663224
Error: 2392.39
Error: 1.00578502831
Error: 2387.61
Error: 1.00579663224
Error: 2400.0
Error: 1.00576664982
Error: 2402.4
Error: 1.00576087792
Error: 2397.6
Error: 1.00577243331
Error: 2402.4
Error: 1.00576087792
Error: 2397.6
Error: 1.00577243331
Error: 2410.0
Error: 1.00574267619
Error: 2412.41
Error: 1.00573692832
Error: 2407.59
Error: 1.00574843559
Error: 2412.41
Error: 1.00573692832
Error: 2407.59
Error: 1.00574843559
Error: 2420.0
Error: 1.00571890106
Error: 2422.42
Error: 1.00571317703
Error: 2417.58
Error: 1.00572463657
Error: 2422.42
Error: 1.00571317703
Error: 2417.58
Error: 1.00572463657
Error: 2430.0
Error: 1.00569532198
Error: 2432.43
Error: 1.00568962159
Error: 2427.57
Error: 1.00570103379
Error: 2432.43
Error: 1.00568962159
Error: 2427.57
Error: 1.00570103379
Error: 2440.0
Error: 1.00567193653
Error: 2442.44
Error: 1.0056662596
Error: 2437.56
Error: 1.00567762485
Error: 2442.44
Error: 1.0056662596
Error: 2437.56
Error: 1.00567762485
Error: 2450.0
Error: 1.00564874234
Error: 2452.45
Error: 1.00564308867
Error: 2447.55
Error: 1.00565440735
Error: 2452.45
Error: 1.00564308867
Error: 2447.55
Error: 1.00565440735
Error: 2460.0
Error: 1.00562573707
Error: 2462.46
Error: 1.00562010647
Error: 2457.54
Error: 1.00563137897
Error: 2462.46
Error: 1.00562010647
Error: 2457.54
Error: 1.00563137897
Error: 2470.0
Error: 1.00560291843
Error: 2472.47
Error: 1.00559731071
Error: 2467.53
Error: 1.0056085374
Error: 2472.47
Error: 1.00559731071
Error: 2467.53
Error: 1.0056085374
Error: 2480.0
Error: 1.00558028415
Error: 2482.48
Error: 1.00557469912
Error: 2477.52
Error: 1.00558588038
Error: 2482.48
Error: 1.00557469912
Error: 2477.52
Error: 1.00558588038
Error: 2490.0
Error: 1.00555783201
Error: 2492.49
Error: 1.00555226949
Error: 2487.51
Error: 1.00556340568
Error: 2492.49
Error: 1.00555226949
Error: 2487.51
Error: 1.00556340568
Error: 2500.0
Error: 1.00553555981
Error: 2502.5
Error: 1.00553001962
Error: 2497.5
Error: 1.00554111111
Error: 2502.5
Error: 1.00553001962
Error: 2497.5
Error: 1.00554111111

Arkane execution terminated at Wed May  1 08:12:56 2019
Memory used: 184.71 MB
Arkane execution initiated at Fri May 17 10:48:59 2019

################################################################
#                                                              #
# Automated Reaction Kinetics and Network Exploration (Arkane) #
#                                                              #
#   Version: 2.3.0                                             #
#   Authors: RMG Developers (rmg_dev@mit.edu)                  #
#   P.I.s:   William H. Green (whgreen@mit.edu)                #
#            Richard H. West (r.west@neu.edu)                  #
#   Website: http://reactionmechanismgenerator.github.io/      #
#                                                              #
################################################################

Databases not found. Making databases
Loading frequencies group database from /Users/mattjohnson/RMGCODE/RMG-database/input/statmech/groups...
Loading transport library from GRI-Mech.py in /Users/mattjohnson/RMGCODE/RMG-database/input/transport/libraries...
Loading transport library from OneDMinN2.py in /Users/mattjohnson/RMGCODE/RMG-database/input/transport/libraries...
Loading transport library from NOx2018.py in /Users/mattjohnson/RMGCODE/RMG-database/input/transport/libraries...
Loading transport library from PrimaryTransportLibrary.py in /Users/mattjohnson/RMGCODE/RMG-database/input/transport/libraries...
Loading transport group database from /Users/mattjohnson/RMGCODE/RMG-database/input/transport/groups...
Loading species Toluene...
Assigned a frequency scale factor of 0.99 for model chemistry CBS-QB3


Loading statistical mechanics parameters for Toluene...
Arkane execution initiated at Fri May 17 10:50:23 2019

################################################################
#                                                              #
# Automated Reaction Kinetics and Network Exploration (Arkane) #
#                                                              #
#   Version: 2.3.0                                             #
#   Authors: RMG Developers (rmg_dev@mit.edu)                  #
#   P.I.s:   William H. Green (whgreen@mit.edu)                #
#            Richard H. West (r.west@neu.edu)                  #
#   Website: http://reactionmechanismgenerator.github.io/      #
#                                                              #
################################################################

Databases not found. Making databases
Loading frequencies group database from /Users/mattjohnson/RMGCODE/RMG-database/input/statmech/groups...
Loading transport library from GRI-Mech.py in /Users/mattjohnson/RMGCODE/RMG-database/input/transport/libraries...
Loading transport library from OneDMinN2.py in /Users/mattjohnson/RMGCODE/RMG-database/input/transport/libraries...
Loading transport library from NOx2018.py in /Users/mattjohnson/RMGCODE/RMG-database/input/transport/libraries...
Loading transport library from PrimaryTransportLibrary.py in /Users/mattjohnson/RMGCODE/RMG-database/input/transport/libraries...
Loading transport group database from /Users/mattjohnson/RMGCODE/RMG-database/input/transport/groups...
Loading species Toluene...
Assigned a frequency scale factor of 0.99 for model chemistry CBS-QB3


Loading statistical mechanics parameters for Toluene...
Error: [[3, 12]]
Error: [3, 12]
Error: [[3, 12]]
Arkane execution initiated at Fri May 17 10:51:30 2019

################################################################
#                                                              #
# Automated Reaction Kinetics and Network Exploration (Arkane) #
#                                                              #
#   Version: 2.3.0                                             #
#   Authors: RMG Developers (rmg_dev@mit.edu)                  #
#   P.I.s:   William H. Green (whgreen@mit.edu)                #
#            Richard H. West (r.west@neu.edu)                  #
#   Website: http://reactionmechanismgenerator.github.io/      #
#                                                              #
################################################################

Databases not found. Making databases
Loading frequencies group database from /Users/mattjohnson/RMGCODE/RMG-database/input/statmech/groups...
Loading transport library from GRI-Mech.py in /Users/mattjohnson/RMGCODE/RMG-database/input/transport/libraries...
Loading transport library from OneDMinN2.py in /Users/mattjohnson/RMGCODE/RMG-database/input/transport/libraries...
Loading transport library from NOx2018.py in /Users/mattjohnson/RMGCODE/RMG-database/input/transport/libraries...
Loading transport library from PrimaryTransportLibrary.py in /Users/mattjohnson/RMGCODE/RMG-database/input/transport/libraries...
Loading transport group database from /Users/mattjohnson/RMGCODE/RMG-database/input/transport/groups...
Loading species Toluene...
Assigned a frequency scale factor of 0.99 for model chemistry CBS-QB3


Loading statistical mechanics parameters for Toluene...
Error: a
Error: [[3, 12]]
Error: b
Error: [3, 12]
Error: b
Error: [[3, 12]]
Arkane execution initiated at Fri May 17 10:52:10 2019

################################################################
#                                                              #
# Automated Reaction Kinetics and Network Exploration (Arkane) #
#                                                              #
#   Version: 2.3.0                                             #
#   Authors: RMG Developers (rmg_dev@mit.edu)                  #
#   P.I.s:   William H. Green (whgreen@mit.edu)                #
#            Richard H. West (r.west@neu.edu)                  #
#   Website: http://reactionmechanismgenerator.github.io/      #
#                                                              #
################################################################

Databases not found. Making databases
Loading frequencies group database from /Users/mattjohnson/RMGCODE/RMG-database/input/statmech/groups...
Loading transport library from GRI-Mech.py in /Users/mattjohnson/RMGCODE/RMG-database/input/transport/libraries...
Loading transport library from OneDMinN2.py in /Users/mattjohnson/RMGCODE/RMG-database/input/transport/libraries...
Loading transport library from NOx2018.py in /Users/mattjohnson/RMGCODE/RMG-database/input/transport/libraries...
Loading transport library from PrimaryTransportLibrary.py in /Users/mattjohnson/RMGCODE/RMG-database/input/transport/libraries...
Loading transport group database from /Users/mattjohnson/RMGCODE/RMG-database/input/transport/groups...
Loading species Toluene...
Assigned a frequency scale factor of 0.99 for model chemistry CBS-QB3


Loading statistical mechanics parameters for Toluene...
Error: [('TolueneRot1.log', [[3, 12]], [[12, 13, 14, 15]], array([6]))]
Error: a
Error: [[3, 12]]
Error: b
Error: [3, 12]
Error: [['TolueneRot1.log', [[3, 12]], [[12, 13, 14, 15]], [6], True]]
Error: b
Error: [[3, 12]]
Arkane execution initiated at Fri May 17 10:52:48 2019

################################################################
#                                                              #
# Automated Reaction Kinetics and Network Exploration (Arkane) #
#                                                              #
#   Version: 2.3.0                                             #
#   Authors: RMG Developers (rmg_dev@mit.edu)                  #
#   P.I.s:   William H. Green (whgreen@mit.edu)                #
#            Richard H. West (r.west@neu.edu)                  #
#   Website: http://reactionmechanismgenerator.github.io/      #
#                                                              #
################################################################

Databases not found. Making databases
Loading frequencies group database from /Users/mattjohnson/RMGCODE/RMG-database/input/statmech/groups...
Loading transport library from GRI-Mech.py in /Users/mattjohnson/RMGCODE/RMG-database/input/transport/libraries...
Loading transport library from OneDMinN2.py in /Users/mattjohnson/RMGCODE/RMG-database/input/transport/libraries...
Loading transport library from NOx2018.py in /Users/mattjohnson/RMGCODE/RMG-database/input/transport/libraries...
Loading transport library from PrimaryTransportLibrary.py in /Users/mattjohnson/RMGCODE/RMG-database/input/transport/libraries...
Loading transport group database from /Users/mattjohnson/RMGCODE/RMG-database/input/transport/groups...
Loading species Toluene...
Assigned a frequency scale factor of 0.99 for model chemistry CBS-QB3


Loading statistical mechanics parameters for Toluene...
Error: [('TolueneRot1.log', [[3, 12]], [[12, 13, 14, 15]], array([6]))]
Error: ('TolueneRot1.log', [[3, 12]], [[12, 13, 14, 15]], array([6]))
Error: a
Error: [[3, 12]]
Error: b
Error: [3, 12]
Error: [['TolueneRot1.log', [[3, 12]], [[12, 13, 14, 15]], [6], True]]
Error: ['TolueneRot1.log', [[3, 12]], [[12, 13, 14, 15]], [6], True]
Error: b
Error: [[3, 12]]
Arkane execution initiated at Fri May 17 10:54:35 2019

################################################################
#                                                              #
# Automated Reaction Kinetics and Network Exploration (Arkane) #
#                                                              #
#   Version: 2.3.0                                             #
#   Authors: RMG Developers (rmg_dev@mit.edu)                  #
#   P.I.s:   William H. Green (whgreen@mit.edu)                #
#            Richard H. West (r.west@neu.edu)                  #
#   Website: http://reactionmechanismgenerator.github.io/      #
#                                                              #
################################################################

Databases not found. Making databases
Loading frequencies group database from /Users/mattjohnson/RMGCODE/RMG-database/input/statmech/groups...
Loading transport library from GRI-Mech.py in /Users/mattjohnson/RMGCODE/RMG-database/input/transport/libraries...
Loading transport library from OneDMinN2.py in /Users/mattjohnson/RMGCODE/RMG-database/input/transport/libraries...
Loading transport library from NOx2018.py in /Users/mattjohnson/RMGCODE/RMG-database/input/transport/libraries...
Loading transport library from PrimaryTransportLibrary.py in /Users/mattjohnson/RMGCODE/RMG-database/input/transport/libraries...
Loading transport group database from /Users/mattjohnson/RMGCODE/RMG-database/input/transport/groups...
Loading species Toluene...
Assigned a frequency scale factor of 0.99 for model chemistry CBS-QB3


Loading statistical mechanics parameters for Toluene...
Error: [('TolueneRot1.log', [[3, 12]], [[12, 13, 14, 15]], array([6]))]
Error: ('TolueneRot1.log', [[3, 12]], [[12, 13, 14, 15]], array([6]))
Arkane execution initiated at Fri May 17 10:55:32 2019

################################################################
#                                                              #
# Automated Reaction Kinetics and Network Exploration (Arkane) #
#                                                              #
#   Version: 2.3.0                                             #
#   Authors: RMG Developers (rmg_dev@mit.edu)                  #
#   P.I.s:   William H. Green (whgreen@mit.edu)                #
#            Richard H. West (r.west@neu.edu)                  #
#   Website: http://reactionmechanismgenerator.github.io/      #
#                                                              #
################################################################

Databases not found. Making databases
Loading frequencies group database from /Users/mattjohnson/RMGCODE/RMG-database/input/statmech/groups...
Loading transport library from GRI-Mech.py in /Users/mattjohnson/RMGCODE/RMG-database/input/transport/libraries...
Loading transport library from OneDMinN2.py in /Users/mattjohnson/RMGCODE/RMG-database/input/transport/libraries...
Loading transport library from NOx2018.py in /Users/mattjohnson/RMGCODE/RMG-database/input/transport/libraries...
Loading transport library from PrimaryTransportLibrary.py in /Users/mattjohnson/RMGCODE/RMG-database/input/transport/libraries...
Loading transport group database from /Users/mattjohnson/RMGCODE/RMG-database/input/transport/groups...
Loading species Toluene...
Assigned a frequency scale factor of 0.99 for model chemistry CBS-QB3


Loading statistical mechanics parameters for Toluene...
Error: [('TolueneRot1.log', [[3, 12]], [[12, 13, 14, 15]], array([6]))]
Error: ('TolueneRot1.log', [[3, 12]], [[12, 13, 14, 15]], array([6]))
Arkane execution initiated at Fri May 17 10:56:27 2019

################################################################
#                                                              #
# Automated Reaction Kinetics and Network Exploration (Arkane) #
#                                                              #
#   Version: 2.3.0                                             #
#   Authors: RMG Developers (rmg_dev@mit.edu)                  #
#   P.I.s:   William H. Green (whgreen@mit.edu)                #
#            Richard H. West (r.west@neu.edu)                  #
#   Website: http://reactionmechanismgenerator.github.io/      #
#                                                              #
################################################################

Databases not found. Making databases
Loading frequencies group database from /Users/mattjohnson/RMGCODE/RMG-database/input/statmech/groups...
Loading transport library from GRI-Mech.py in /Users/mattjohnson/RMGCODE/RMG-database/input/transport/libraries...
Loading transport library from OneDMinN2.py in /Users/mattjohnson/RMGCODE/RMG-database/input/transport/libraries...
Loading transport library from NOx2018.py in /Users/mattjohnson/RMGCODE/RMG-database/input/transport/libraries...
Loading transport library from PrimaryTransportLibrary.py in /Users/mattjohnson/RMGCODE/RMG-database/input/transport/libraries...
Loading transport group database from /Users/mattjohnson/RMGCODE/RMG-database/input/transport/groups...
Loading species Toluene...
Assigned a frequency scale factor of 0.99 for model chemistry CBS-QB3


Loading statistical mechanics parameters for Toluene...
Error: [('TolueneRot1.log', [[3, 12]], [[12, 13, 14, 15]], array([6]), True)]
Error: ('TolueneRot1.log', [[3, 12]], [[12, 13, 14, 15]], array([6]), True)
Error: b
Error: [3, 12]
Error: [['TolueneRot1.log', [[3, 12]], [[12, 13, 14, 15]], [6], True]]
Error: ['TolueneRot1.log', [[3, 12]], [[12, 13, 14, 15]], [6], True]
Error: b
Error: [3, 12]
Saving statistical mechanics parameters for Toluene...
Saving thermo for Toluene...

Arkane execution terminated at Fri May 17 10:56:29 2019
Memory used: 182.87 MB
Arkane execution initiated at Fri May 17 10:57:03 2019

################################################################
#                                                              #
# Automated Reaction Kinetics and Network Exploration (Arkane) #
#                                                              #
#   Version: 2.3.0                                             #
#   Authors: RMG Developers (rmg_dev@mit.edu)                  #
#   P.I.s:   William H. Green (whgreen@mit.edu)                #
#            Richard H. West (r.west@neu.edu)                  #
#   Website: http://reactionmechanismgenerator.github.io/      #
#                                                              #
################################################################

Databases not found. Making databases
Loading frequencies group database from /Users/mattjohnson/RMGCODE/RMG-database/input/statmech/groups...
Loading transport library from GRI-Mech.py in /Users/mattjohnson/RMGCODE/RMG-database/input/transport/libraries...
Loading transport library from OneDMinN2.py in /Users/mattjohnson/RMGCODE/RMG-database/input/transport/libraries...
Loading transport library from NOx2018.py in /Users/mattjohnson/RMGCODE/RMG-database/input/transport/libraries...
Loading transport library from PrimaryTransportLibrary.py in /Users/mattjohnson/RMGCODE/RMG-database/input/transport/libraries...
Loading transport group database from /Users/mattjohnson/RMGCODE/RMG-database/input/transport/groups...
Loading species Toluene...
Assigned a frequency scale factor of 0.99 for model chemistry CBS-QB3


Loading statistical mechanics parameters for Toluene...
Saving statistical mechanics parameters for Toluene...
Saving thermo for Toluene...

Arkane execution terminated at Fri May 17 10:57:04 2019
Memory used: 183.13 MB
Arkane execution initiated at Fri May 17 11:03:34 2019

################################################################
#                                                              #
# Automated Reaction Kinetics and Network Exploration (Arkane) #
#                                                              #
#   Version: 2.3.0                                             #
#   Authors: RMG Developers (rmg_dev@mit.edu)                  #
#   P.I.s:   William H. Green (whgreen@mit.edu)                #
#            Richard H. West (r.west@neu.edu)                  #
#   Website: http://reactionmechanismgenerator.github.io/      #
#                                                              #
################################################################

Databases not found. Making databases
Loading frequencies group database from /Users/mattjohnson/RMGCODE/RMG-database/input/statmech/groups...
Loading transport library from GRI-Mech.py in /Users/mattjohnson/RMGCODE/RMG-database/input/transport/libraries...
Loading transport library from OneDMinN2.py in /Users/mattjohnson/RMGCODE/RMG-database/input/transport/libraries...
Loading transport library from NOx2018.py in /Users/mattjohnson/RMGCODE/RMG-database/input/transport/libraries...
Loading transport library from PrimaryTransportLibrary.py in /Users/mattjohnson/RMGCODE/RMG-database/input/transport/libraries...
Loading transport group database from /Users/mattjohnson/RMGCODE/RMG-database/input/transport/groups...
Loading species Toluene...
Assigned a frequency scale factor of 0.99 for model chemistry CBS-QB3


Loading statistical mechanics parameters for Toluene...
Saving statistical mechanics parameters for Toluene...
Saving thermo for Toluene...

Arkane execution terminated at Fri May 17 11:03:35 2019
Memory used: 182.07 MB
